runTauID: not is_above_cmssw_version(10, 0, 0). Will update the list of available in DB samples to access dR0p32017v2
loadMVA_WPs_run2_2017: performed
DEBUG 2018-12-03 15:39:37,402: 	 Executing command: 'submit'
DEBUG 2018-12-03 15:39:37,405: 	 Found CRAB cache file /afs/cern.ch/user/t/tayu/.crab3
DEBUG 2018-12-03 15:39:37,448: 	 Checking credentials
DEBUG 2018-12-03 15:39:37,449: 	 Found proxy file /tmp/x509up_u93266
DEBUG 2018-12-03 15:39:37,449: 	 Getting proxy life time left
DEBUG 2018-12-03 15:39:38,776: 	 Executing : 
 command : voms-proxy-info -file /tmp/x509up_u93266 -timeleft
 output : 76156

 error: 
 retcode : 0
DEBUG 2018-12-03 15:39:40,002: 	 Executing : 
 command : voms-proxy-info -file /tmp/x509up_u93266 -actimeleft
 output : 76154

 error: 
 retcode : 0
DEBUG 2018-12-03 15:39:40,003: 	 Proxy valid for 21:09:16 hours
DEBUG 2018-12-03 15:39:40,005: 	 Will use CRAB Analysis plugin (i.e. will run an analysis job type).
DEBUG 2018-12-03 15:39:40,147: 	 Executing : 
 command : openssl x509 -in ~/.globus/usercert.pem -subject -noout
 output : subject= /DC=ch/DC=cern/OU=Organic Units/OU=Users/CN=tayu/CN=799968/CN=Taozhe Yu

 error: 
 retcode : 0
DEBUG 2018-12-03 15:39:40,148: 	 Checking credentials
DEBUG 2018-12-03 15:39:40,148: 	 Found proxy file /tmp/x509up_u93266
DEBUG 2018-12-03 15:39:40,148: 	 Getting proxy life time left
DEBUG 2018-12-03 15:39:41,300: 	 Executing : 
 command : voms-proxy-info -file /tmp/x509up_u93266 -timeleft
 output : 76153

 error: 
 retcode : 0
DEBUG 2018-12-03 15:39:42,628: 	 Executing : 
 command : voms-proxy-info -file /tmp/x509up_u93266 -actimeleft
 output : 76151

 error: 
 retcode : 0
DEBUG 2018-12-03 15:39:42,629: 	 Proxy valid for 21:09:13 hours
DEBUG 2018-12-03 15:39:43,854: 	 Executing : 
 command : env X509_USER_PROXY=/tmp/x509up_u93266 voms-proxy-info -fqan
 output : /cms/Role=NULL/Capability=NULL

 error: 
 retcode : 0
DEBUG 2018-12-03 15:39:44,862: 	 Registering user credentials for server /DC=ch/DC=cern/OU=computers/CN=vocms(052|058|030|0118|0105|0109).cern.ch|/DC=ch/DC=cern/OU=computers/CN=crab-(preprod|prod)-tw(02|01).cern.ch
DEBUG 2018-12-03 15:39:44,988: 	 Executing : 
 command : openssl x509 -in ~/.globus/usercert.pem -subject -noout
 output : subject= /DC=ch/DC=cern/OU=Organic Units/OU=Users/CN=tayu/CN=799968/CN=Taozhe Yu

 error: 
 retcode : 0
DEBUG 2018-12-03 15:39:44,989: 	 Getting myproxy life time left for myproxy.cern.ch
DEBUG 2018-12-03 15:39:44,989: 	 Calculating hash of /DC=ch/DC=cern/OU=Organic Units/OU=Users/CN=tayu/CN=799968/CN=Taozhe Yu_cmsweb.cern.ch for credential name
DEBUG 2018-12-03 15:39:45,309: 	 Executing : 
 command : myproxy-info -l 9f4b01bc4a4efc8c405fe8e76fd90f9c51cfc546 -s myproxy.cern.ch
 output : username: 9f4b01bc4a4efc8c405fe8e76fd90f9c51cfc546
owner: /DC=ch/DC=cern/OU=Organic Units/OU=Users/CN=tayu/CN=799968/CN=Taozhe Yu
  renewal policy: /DC=ch/DC=cern/OU=computers/CN=vocms(052|058|030|0118|0105|0109).cern.ch|/DC=ch/DC=cern/OU=computers/CN=crab-(preprod|prod)-tw(02|01).cern.ch
  trusted retrieval policy: /DC=ch/DC=cern/OU=computers/CN=vocms(052|058|030|0118|0105|0109).cern.ch|/DC=ch/DC=cern/OU=computers/CN=crab-(preprod|prod)-tw(02|01).cern.ch
  timeleft: 549:50:58  (22.9 days)

 error: 
 retcode : 0
DEBUG 2018-12-03 15:39:45,311: 	 Myproxy is valid: 1979458
DEBUG 2018-12-03 15:39:45,311: 	 Command use: submit
DEBUG 2018-12-03 15:39:45,312: 	 Options use: ['--config', <WMCore.Configuration.Configuration object at 0x7fb862ab7050>]
DEBUG 2018-12-03 15:39:46,342: 	 CRABClient version: 3.3.1809
DEBUG 2018-12-03 15:39:46,342: 	 Instance is prod
DEBUG 2018-12-03 15:39:46,343: 	 Server base url is cmsweb.cern.ch
DEBUG 2018-12-03 15:39:46,343: 	 Command url /crabserver/prod/workflow
DEBUG 2018-12-03 15:39:46,343: 	 Started submission
DEBUG 2018-12-03 15:39:46,343: 	 Working on /afs/cern.ch/work/t/tayu/private/Tprime_dineutrino_2016/CMSSW_9_4_9_cand2/src/BSMFramework/BSM3G_TNT_Maker/crab/Tprime_0800/crab_Tprime_0800
DEBUG 2018-12-03 15:39:47,391: 	 Loading required information from the environment
DEBUG 2018-12-03 15:39:47,391: 	 Found CMSSW_9_4_9_cand2 for slc6_amd64_gcc630 with base /afs/cern.ch/work/t/tayu/private/Tprime_dineutrino_2016/CMSSW_9_4_9_cand2
DEBUG 2018-12-03 15:39:47,391: 	 Loading required information from the environment
DEBUG 2018-12-03 15:39:47,391: 	 Found CMSSW_9_4_9_cand2 for slc6_amd64_gcc630 with base /afs/cern.ch/work/t/tayu/private/Tprime_dineutrino_2016/CMSSW_9_4_9_cand2
DEBUG 2018-12-03 15:39:47,427: 	 UNIQUE NAME: tarUUID 930e1fca-0e7d-49ca-918f-8ba1cf81d82b 
DEBUG 2018-12-03 15:39:47,428: 	 self.config: from WMCore.Configuration import Configuration
config = Configuration()
config.section_('General')
config.General.transferLogs = True
config.General.workArea = 'Tprime_0800'
config.General.requestName = 'Tprime_0800'
config.section_('JobType')
config.JobType.psetName = '/afs/cern.ch/work/t/tayu/private/Tprime_dineutrino_2016/CMSSW_9_4_9_cand2/src/BSMFramework/BSM3G_TNT_Maker/python/miniAOD_MC2016.py'
config.JobType.pluginName = 'Analysis'
config.JobType.pyCfgParams = ['ofName=Tprime_0800']
config.JobType.sendExternalFolder = True
config.JobType.maxMemoryMB = 2000
config.section_('Data')
config.Data.inputDataset = '/TprimeBToTZ_M-800_LH_TuneCP5_13TeV-madgraph-pythia8/RunIIFall17MiniAODv2-PU2017_12Apr2018_94X_mc2017_realistic_v14-v1/MINIAODSIM'
config.Data.allowNonValidInputDataset = True
config.Data.totalUnits = 40000
config.Data.unitsPerJob = 1
config.Data.inputDBS = 'global'
config.Data.splitting = 'FileBased'
config.Data.outputDatasetTag = 'Tprime_0800'
config.Data.outLFNDirBase = '/store/user/tayu/'
config.section_('Site')
config.Site.storageSite = 'T2_CN_Beijing'
config.section_('User')
config.section_('Debug')

DEBUG 2018-12-03 15:39:47,428: 	 self.config.JobType.psetName: /afs/cern.ch/work/t/tayu/private/Tprime_dineutrino_2016/CMSSW_9_4_9_cand2/src/BSMFramework/BSM3G_TNT_Maker/python/miniAOD_MC2016.py
INFO 2018-12-03 15:39:47,429: 	 Importing CMSSW configuration /afs/cern.ch/work/t/tayu/private/Tprime_dineutrino_2016/CMSSW_9_4_9_cand2/src/BSMFramework/BSM3G_TNT_Maker/python/miniAOD_MC2016.py
DEBUG 2018-12-03 15:39:47,429: 	 Additional parameters for the CMSSW configuration are: ['ofName=Tprime_0800']
INFO 2018-12-03 15:39:48,473: 	 Finished importing CMSSW configuration /afs/cern.ch/work/t/tayu/private/Tprime_dineutrino_2016/CMSSW_9_4_9_cand2/src/BSMFramework/BSM3G_TNT_Maker/python/miniAOD_MC2016.py
DEBUG 2018-12-03 15:39:48,473: 	 Writing CMSSW configuration to /afs/cern.ch/work/t/tayu/private/Tprime_dineutrino_2016/CMSSW_9_4_9_cand2/src/BSMFramework/BSM3G_TNT_Maker/crab/Tprime_0800/crab_Tprime_0800/inputs/PSet.py
DEBUG 2018-12-03 15:39:49,021: 	 The following EDM output files will be collected: []
DEBUG 2018-12-03 15:39:49,022: 	 The following TFile output files will be collected: ['OutTree.root']
DEBUG 2018-12-03 15:39:49,022: 	 The following user output files will be collected: []
DEBUG 2018-12-03 15:39:49,022: 	 Loading required information from the environment
DEBUG 2018-12-03 15:39:49,022: 	 Found CMSSW_9_4_9_cand2 for slc6_amd64_gcc630 with base /afs/cern.ch/work/t/tayu/private/Tprime_dineutrino_2016/CMSSW_9_4_9_cand2
DEBUG 2018-12-03 15:39:49,022: 	 Making tarball in /afs/cern.ch/work/t/tayu/private/Tprime_dineutrino_2016/CMSSW_9_4_9_cand2/src/BSMFramework/BSM3G_TNT_Maker/crab/Tprime_0800/crab_Tprime_0800/inputs/930e1fca-0e7d-49ca-918f-8ba1cf81d82bdefault.tgz
DEBUG 2018-12-03 15:39:49,024: 	 Checking directory /afs/cern.ch/work/t/tayu/private/Tprime_dineutrino_2016/CMSSW_9_4_9_cand2/lib
DEBUG 2018-12-03 15:39:49,024: 	 Adding directory /afs/cern.ch/work/t/tayu/private/Tprime_dineutrino_2016/CMSSW_9_4_9_cand2/lib to tarball
DEBUG 2018-12-03 15:39:52,504: 	 Checking directory /afs/cern.ch/work/t/tayu/private/Tprime_dineutrino_2016/CMSSW_9_4_9_cand2/biglib
DEBUG 2018-12-03 15:39:52,504: 	 Adding directory /afs/cern.ch/work/t/tayu/private/Tprime_dineutrino_2016/CMSSW_9_4_9_cand2/biglib to tarball
DEBUG 2018-12-03 15:39:52,508: 	 Checking directory /afs/cern.ch/work/t/tayu/private/Tprime_dineutrino_2016/CMSSW_9_4_9_cand2/module
DEBUG 2018-12-03 15:39:52,509: 	 Checking directory /afs/cern.ch/work/t/tayu/private/Tprime_dineutrino_2016/CMSSW_9_4_9_cand2/external
DEBUG 2018-12-03 15:39:52,509: 	 Adding directory /afs/cern.ch/work/t/tayu/private/Tprime_dineutrino_2016/CMSSW_9_4_9_cand2/external to tarball
DEBUG 2018-12-03 15:39:55,739: 	 Adding data directory /afs/cern.ch/work/t/tayu/private/Tprime_dineutrino_2016/CMSSW_9_4_9_cand2/src/RecoEgamma/EgammaTools/data to tarball
DEBUG 2018-12-03 15:39:55,767: 	 Adding data directory /afs/cern.ch/work/t/tayu/private/Tprime_dineutrino_2016/CMSSW_9_4_9_cand2/src/RecoEgamma/EgammaTools/interface to tarball
DEBUG 2018-12-03 15:39:55,808: 	 Adding data directory /afs/cern.ch/work/t/tayu/private/Tprime_dineutrino_2016/CMSSW_9_4_9_cand2/src/RecoEgamma/EgammaPhotonProducers/interface to tarball
DEBUG 2018-12-03 15:39:55,823: 	 Adding data directory /afs/cern.ch/work/t/tayu/private/Tprime_dineutrino_2016/CMSSW_9_4_9_cand2/src/RecoEgamma/ElectronIdentification/data to tarball
DEBUG 2018-12-03 15:39:59,255: 	 Adding data directory /afs/cern.ch/work/t/tayu/private/Tprime_dineutrino_2016/CMSSW_9_4_9_cand2/src/RecoEgamma/ElectronIdentification/interface to tarball
DEBUG 2018-12-03 15:39:59,316: 	 Adding data directory /afs/cern.ch/work/t/tayu/private/Tprime_dineutrino_2016/CMSSW_9_4_9_cand2/src/RecoEgamma/PhotonIdentification/data to tarball
DEBUG 2018-12-03 15:40:00,224: 	 Adding data directory /afs/cern.ch/work/t/tayu/private/Tprime_dineutrino_2016/CMSSW_9_4_9_cand2/src/RecoEgamma/PhotonIdentification/interface to tarball
DEBUG 2018-12-03 15:40:00,259: 	 Adding data directory /afs/cern.ch/work/t/tayu/private/Tprime_dineutrino_2016/CMSSW_9_4_9_cand2/src/EgammaAnalysis/ElectronTools/data to tarball
DEBUG 2018-12-03 15:40:00,645: 	 Adding data directory /afs/cern.ch/work/t/tayu/private/Tprime_dineutrino_2016/CMSSW_9_4_9_cand2/src/EgammaAnalysis/ElectronTools/interface to tarball
DEBUG 2018-12-03 15:40:00,679: 	 Adding data directory /afs/cern.ch/work/t/tayu/private/Tprime_dineutrino_2016/CMSSW_9_4_9_cand2/src/CommonTools/ParticleFlow/interface to tarball
DEBUG 2018-12-03 15:40:00,721: 	 Adding data directory /afs/cern.ch/work/t/tayu/private/Tprime_dineutrino_2016/CMSSW_9_4_9_cand2/src/Configuration/PyReleaseValidation/data to tarball
DEBUG 2018-12-03 15:40:00,733: 	 Adding data directory /afs/cern.ch/work/t/tayu/private/Tprime_dineutrino_2016/CMSSW_9_4_9_cand2/src/JetMETCorrections/Type1MET/data to tarball
DEBUG 2018-12-03 15:40:00,748: 	 Adding data directory /afs/cern.ch/work/t/tayu/private/Tprime_dineutrino_2016/CMSSW_9_4_9_cand2/src/JetMETCorrections/Type1MET/interface to tarball
DEBUG 2018-12-03 15:40:00,766: 	 Adding data directory /afs/cern.ch/work/t/tayu/private/Tprime_dineutrino_2016/CMSSW_9_4_9_cand2/src/PhysicsTools/NanoAOD/interface to tarball
DEBUG 2018-12-03 15:40:00,783: 	 Adding data directory /afs/cern.ch/work/t/tayu/private/Tprime_dineutrino_2016/CMSSW_9_4_9_cand2/src/PhysicsTools/PatAlgos/interface to tarball
DEBUG 2018-12-03 15:40:00,848: 	 Adding data directory /afs/cern.ch/work/t/tayu/private/Tprime_dineutrino_2016/CMSSW_9_4_9_cand2/src/PhysicsTools/PatUtils/data to tarball
DEBUG 2018-12-03 15:40:01,104: 	 Adding data directory /afs/cern.ch/work/t/tayu/private/Tprime_dineutrino_2016/CMSSW_9_4_9_cand2/src/PhysicsTools/PatUtils/interface to tarball
DEBUG 2018-12-03 15:40:01,155: 	 Adding data directory /afs/cern.ch/work/t/tayu/private/Tprime_dineutrino_2016/CMSSW_9_4_9_cand2/src/RecoMET/METFilters/data to tarball
DEBUG 2018-12-03 15:40:01,157: 	 Adding data directory /afs/cern.ch/work/t/tayu/private/Tprime_dineutrino_2016/CMSSW_9_4_9_cand2/src/RecoMET/METFilters/interface to tarball
DEBUG 2018-12-03 15:40:01,397: 	 Adding data directory /afs/cern.ch/work/t/tayu/private/Tprime_dineutrino_2016/CMSSW_9_4_9_cand2/src/BSMFramework/BSM3G_TNT_Maker/data to tarball
DEBUG 2018-12-03 15:40:28,913: 	 Adding data directory /afs/cern.ch/work/t/tayu/private/Tprime_dineutrino_2016/CMSSW_9_4_9_cand2/src/BSMFramework/BSM3G_TNT_Maker/interface to tarball
DEBUG 2018-12-03 15:40:29,118: 	 Uploading archive /afs/cern.ch/work/t/tayu/private/Tprime_dineutrino_2016/CMSSW_9_4_9_cand2/src/BSMFramework/BSM3G_TNT_Maker/crab/Tprime_0800/crab_Tprime_0800/inputs/930e1fca-0e7d-49ca-918f-8ba1cf81d82bdefault.tgz (55 MB) to the CRAB cache. Using URI https://cmsweb.cern.ch/crabcache
DEBUG 2018-12-03 15:40:54,712: 	 Loading required information from the environment
DEBUG 2018-12-03 15:40:54,713: 	 Found CMSSW_9_4_9_cand2 for slc6_amd64_gcc630 with base /afs/cern.ch/work/t/tayu/private/Tprime_dineutrino_2016/CMSSW_9_4_9_cand2
DEBUG 2018-12-03 15:40:54,713: 	 Making tarball in /afs/cern.ch/work/t/tayu/private/Tprime_dineutrino_2016/CMSSW_9_4_9_cand2/src/BSMFramework/BSM3G_TNT_Maker/crab/Tprime_0800/crab_Tprime_0800/inputs/debugFiles.tgz
DEBUG 2018-12-03 15:40:54,722: 	 Uploading archive /afs/cern.ch/work/t/tayu/private/Tprime_dineutrino_2016/CMSSW_9_4_9_cand2/src/BSMFramework/BSM3G_TNT_Maker/crab/Tprime_0800/crab_Tprime_0800/inputs/debugFiles.tgz (5 KB) to the CRAB cache. Using URI https://cmsweb.cern.ch/crabcache
DEBUG 2018-12-03 15:40:55,692: 	 Result uploading input files: 9ad747633f0a76b2472d6ebf24ce2fa882a4c4310f95e3b83e5b0709c9775d7d.tar.gz 
WARNING 2018-12-03 15:40:55,695: 	 Warning: The following output files will not be published, as they are not EDM files: ['OutTree.root']
INFO 2018-12-03 15:40:55,696: 	 Sending the request to the server
DEBUG 2018-12-03 15:40:55,697: 	 Submitting {'maxjobruntime': 1250, 'extrajdl': [], 'ignorelocality': 0, 'savelogsflag': 1, 'useparent': 0, 'asyncdest': 'T2_CN_Beijing', 'algoargs': 1, 'cachefilename': '9ad747633f0a76b2472d6ebf24ce2fa882a4c4310f95e3b83e5b0709c9775d7d.tar.gz', 'numcores': 1, 'addoutputfiles': [], 'generator': 'pythia', 'maxmemory': 2000, 'publishdbsurl': 'https://cmsweb.cern.ch/dbs/prod/phys03/DBSWriter', 'priority': 10, 'jobsw': 'CMSSW_9_4_9_cand2', 'edmoutfiles': [], 'userfiles': [], 'primarydataset': '', 'inputdata': '/TprimeBToTZ_M-800_LH_TuneCP5_13TeV-madgraph-pythia8/RunIIFall17MiniAODv2-PU2017_12Apr2018_94X_mc2017_realistic_v14-v1/MINIAODSIM', 'lfn': '/store/user/tayu/', 'dryrun': 0, 'workflow': 'crab_Tprime_0800', 'cacheurl': u'https://cmsweb.cern.ch/crabcache', 'nonprodsw': 0, 'tfileoutfiles': ['OutTree.root'], 'oneEventMode': 0, 'debugfilename': '8598be5022162be1507cc43b4f10cc3b23b219d371ac5c3eec9fd29caa414147.tar.gz', 'saveoutput': 1, 'publication': 1, 'jobarch': 'slc6_amd64_gcc630', 'totalunits': 40000, 'splitalgo': 'FileBased', 'ignoreglobalblacklist': 0, 'nonvaliddata': 1, 'dbsurl': 'https://cmsweb.cern.ch/dbs/prod/global/DBSReader', 'publishgroupname': 0, 'jobtype': 'Analysis', 'publishname2': 'Tprime_0800'} 
DEBUG 2018-12-03 15:40:55,697: 	 Encoded submit request: maxjobruntime=1250&ignorelocality=0&savelogsflag=1&useparent=0&asyncdest=T2_CN_Beijing&algoargs=1&cachefilename=9ad747633f0a76b2472d6ebf24ce2fa882a4c4310f95e3b83e5b0709c9775d7d.tar.gz&numcores=1&generator=pythia&maxmemory=2000&publishdbsurl=https%3A%2F%2Fcmsweb.cern.ch%2Fdbs%2Fprod%2Fphys03%2FDBSWriter&priority=10&jobsw=CMSSW_9_4_9_cand2&primarydataset=&inputdata=%2FTprimeBToTZ_M-800_LH_TuneCP5_13TeV-madgraph-pythia8%2FRunIIFall17MiniAODv2-PU2017_12Apr2018_94X_mc2017_realistic_v14-v1%2FMINIAODSIM&lfn=%2Fstore%2Fuser%2Ftayu%2F&dryrun=0&workflow=crab_Tprime_0800&cacheurl=https%3A%2F%2Fcmsweb.cern.ch%2Fcrabcache&nonprodsw=0&oneEventMode=0&debugfilename=8598be5022162be1507cc43b4f10cc3b23b219d371ac5c3eec9fd29caa414147.tar.gz&saveoutput=1&publication=1&jobarch=slc6_amd64_gcc630&totalunits=40000&splitalgo=FileBased&ignoreglobalblacklist=0&nonvaliddata=1&dbsurl=https%3A%2F%2Fcmsweb.cern.ch%2Fdbs%2Fprod%2Fglobal%2FDBSReader&publishgroupname=0&jobtype=Analysis&publishname2=Tprime_0800&tfileoutfiles=OutTree.root
DEBUG 2018-12-03 15:40:59,352: 	 Result: {u'result': [{u'RequestName': u'181203_144059:tayu_crab_Tprime_0800'}]}
INFO 2018-12-03 15:40:59,356: 	 Success: Your task has been delivered to the CRAB3 server.
INFO 2018-12-03 15:40:59,357: 	 Task name: 181203_144059:tayu_crab_Tprime_0800
INFO 2018-12-03 15:40:59,357: 	 Please use 'crab status' to check how the submission process proceeds.
DEBUG 2018-12-03 15:40:59,357: 	 About to return
