runTauID: not is_above_cmssw_version(10, 0, 0). Will update the list of available in DB samples to access dR0p32017v2
loadMVA_WPs_run2_2017: performed
DEBUG 2018-12-03 14:14:05,716: 	 Executing command: 'submit'
DEBUG 2018-12-03 14:14:06,079: 	 Found CRAB cache file /afs/cern.ch/user/t/tayu/.crab3
DEBUG 2018-12-03 14:14:07,359: 	 Checking credentials
DEBUG 2018-12-03 14:14:07,361: 	 Found proxy file /tmp/x509up_u93266
DEBUG 2018-12-03 14:14:07,361: 	 Getting proxy life time left
DEBUG 2018-12-03 14:14:08,690: 	 Executing : 
 command : voms-proxy-info -file /tmp/x509up_u93266 -timeleft
 output : 81286

 error: 
 retcode : 0
DEBUG 2018-12-03 14:14:09,906: 	 Executing : 
 command : voms-proxy-info -file /tmp/x509up_u93266 -actimeleft
 output : 81284

 error: 
 retcode : 0
DEBUG 2018-12-03 14:14:09,907: 	 Proxy valid for 22:34:46 hours
DEBUG 2018-12-03 14:14:09,911: 	 Will use CRAB Analysis plugin (i.e. will run an analysis job type).
DEBUG 2018-12-03 14:14:10,805: 	 Executing : 
 command : openssl x509 -in ~/.globus/usercert.pem -subject -noout
 output : subject= /DC=ch/DC=cern/OU=Organic Units/OU=Users/CN=tayu/CN=799968/CN=Taozhe Yu

 error: 
 retcode : 0
DEBUG 2018-12-03 14:14:10,805: 	 Checking credentials
DEBUG 2018-12-03 14:14:10,807: 	 Found proxy file /tmp/x509up_u93266
DEBUG 2018-12-03 14:14:10,807: 	 Getting proxy life time left
DEBUG 2018-12-03 14:14:12,235: 	 Executing : 
 command : voms-proxy-info -file /tmp/x509up_u93266 -timeleft
 output : 81282

 error: 
 retcode : 0
DEBUG 2018-12-03 14:14:13,565: 	 Executing : 
 command : voms-proxy-info -file /tmp/x509up_u93266 -actimeleft
 output : 81280

 error: 
 retcode : 0
DEBUG 2018-12-03 14:14:13,566: 	 Proxy valid for 22:34:42 hours
DEBUG 2018-12-03 14:14:14,896: 	 Executing : 
 command : env X509_USER_PROXY=/tmp/x509up_u93266 voms-proxy-info -fqan
 output : /cms/Role=NULL/Capability=NULL

 error: 
 retcode : 0
DEBUG 2018-12-03 14:14:17,309: 	 Registering user credentials for server /DC=ch/DC=cern/OU=computers/CN=vocms(052|058|030|0118|0105|0109).cern.ch|/DC=ch/DC=cern/OU=computers/CN=crab-(preprod|prod)-tw(02|01).cern.ch
DEBUG 2018-12-03 14:14:17,430: 	 Executing : 
 command : openssl x509 -in ~/.globus/usercert.pem -subject -noout
 output : subject= /DC=ch/DC=cern/OU=Organic Units/OU=Users/CN=tayu/CN=799968/CN=Taozhe Yu

 error: 
 retcode : 0
DEBUG 2018-12-03 14:14:17,431: 	 Getting myproxy life time left for myproxy.cern.ch
DEBUG 2018-12-03 14:14:17,431: 	 Calculating hash of /DC=ch/DC=cern/OU=Organic Units/OU=Users/CN=tayu/CN=799968/CN=Taozhe Yu_cmsweb.cern.ch for credential name
DEBUG 2018-12-03 14:14:17,739: 	 Executing : 
 command : myproxy-info -l 9f4b01bc4a4efc8c405fe8e76fd90f9c51cfc546 -s myproxy.cern.ch
 output : username: 9f4b01bc4a4efc8c405fe8e76fd90f9c51cfc546
owner: /DC=ch/DC=cern/OU=Organic Units/OU=Users/CN=tayu/CN=799968/CN=Taozhe Yu
  renewal policy: /DC=ch/DC=cern/OU=computers/CN=vocms(052|058|030|0118|0105|0109).cern.ch|/DC=ch/DC=cern/OU=computers/CN=crab-(preprod|prod)-tw(02|01).cern.ch
  trusted retrieval policy: /DC=ch/DC=cern/OU=computers/CN=vocms(052|058|030|0118|0105|0109).cern.ch|/DC=ch/DC=cern/OU=computers/CN=crab-(preprod|prod)-tw(02|01).cern.ch
  timeleft: 551:16:26  (23.0 days)

 error: 
 retcode : 0
DEBUG 2018-12-03 14:14:17,740: 	 Myproxy is valid: 1984586
DEBUG 2018-12-03 14:14:17,740: 	 Command use: submit
DEBUG 2018-12-03 14:14:17,740: 	 Options use: ['--config', <WMCore.Configuration.Configuration object at 0x7f04b5975050>]
DEBUG 2018-12-03 14:14:18,732: 	 CRABClient version: 3.3.1809
DEBUG 2018-12-03 14:14:18,732: 	 Instance is prod
DEBUG 2018-12-03 14:14:18,733: 	 Server base url is cmsweb.cern.ch
DEBUG 2018-12-03 14:14:18,733: 	 Command url /crabserver/prod/workflow
DEBUG 2018-12-03 14:14:18,733: 	 Started submission
DEBUG 2018-12-03 14:14:18,733: 	 Working on /afs/cern.ch/work/t/tayu/private/Tprime_dineutrino_2016/CMSSW_9_4_9_cand2/src/BSMFramework/BSM3G_TNT_Maker/crab/WToLNu_HT1200to2500/crab_WToLNu_HT1200to2500
DEBUG 2018-12-03 14:14:19,740: 	 Loading required information from the environment
DEBUG 2018-12-03 14:14:19,741: 	 Found CMSSW_9_4_9_cand2 for slc6_amd64_gcc630 with base /afs/cern.ch/work/t/tayu/private/Tprime_dineutrino_2016/CMSSW_9_4_9_cand2
DEBUG 2018-12-03 14:14:19,741: 	 Loading required information from the environment
DEBUG 2018-12-03 14:14:19,741: 	 Found CMSSW_9_4_9_cand2 for slc6_amd64_gcc630 with base /afs/cern.ch/work/t/tayu/private/Tprime_dineutrino_2016/CMSSW_9_4_9_cand2
DEBUG 2018-12-03 14:14:19,775: 	 UNIQUE NAME: tarUUID f8c67246-dea4-4154-8aef-3333268f7be8 
DEBUG 2018-12-03 14:14:19,776: 	 self.config: from WMCore.Configuration import Configuration
config = Configuration()
config.section_('General')
config.General.transferLogs = True
config.General.workArea = 'WToLNu_HT1200to2500'
config.General.requestName = 'WToLNu_HT1200to2500'
config.section_('JobType')
config.JobType.psetName = '/afs/cern.ch/work/t/tayu/private/Tprime_dineutrino_2016/CMSSW_9_4_9_cand2/src/BSMFramework/BSM3G_TNT_Maker/python/miniAOD_MC2016.py'
config.JobType.pluginName = 'Analysis'
config.JobType.pyCfgParams = ['ofName=WToLNu_HT1200to2500']
config.JobType.sendExternalFolder = True
config.JobType.maxMemoryMB = 2000
config.section_('Data')
config.Data.inputDataset = '/WJetsToLNu_HT-1200To2500_TuneCUETP8M1_13TeV-madgraphMLM-pythia8/RunIISummer16MiniAODv3-PUMoriond17_94X_mcRun2_asymptotic_v3-v2/MINIAODSIM'
config.Data.allowNonValidInputDataset = True
config.Data.totalUnits = 40000
config.Data.unitsPerJob = 1
config.Data.inputDBS = 'global'
config.Data.splitting = 'FileBased'
config.Data.outputDatasetTag = 'WToLNu_HT1200to2500'
config.Data.outLFNDirBase = '/store/user/tayu/'
config.section_('Site')
config.Site.storageSite = 'T2_CN_Beijing'
config.section_('User')
config.section_('Debug')

DEBUG 2018-12-03 14:14:19,776: 	 self.config.JobType.psetName: /afs/cern.ch/work/t/tayu/private/Tprime_dineutrino_2016/CMSSW_9_4_9_cand2/src/BSMFramework/BSM3G_TNT_Maker/python/miniAOD_MC2016.py
INFO 2018-12-03 14:14:19,777: 	 Importing CMSSW configuration /afs/cern.ch/work/t/tayu/private/Tprime_dineutrino_2016/CMSSW_9_4_9_cand2/src/BSMFramework/BSM3G_TNT_Maker/python/miniAOD_MC2016.py
DEBUG 2018-12-03 14:14:19,777: 	 Additional parameters for the CMSSW configuration are: ['ofName=WToLNu_HT1200to2500']
INFO 2018-12-03 14:14:20,919: 	 Finished importing CMSSW configuration /afs/cern.ch/work/t/tayu/private/Tprime_dineutrino_2016/CMSSW_9_4_9_cand2/src/BSMFramework/BSM3G_TNT_Maker/python/miniAOD_MC2016.py
DEBUG 2018-12-03 14:14:20,920: 	 Writing CMSSW configuration to /afs/cern.ch/work/t/tayu/private/Tprime_dineutrino_2016/CMSSW_9_4_9_cand2/src/BSMFramework/BSM3G_TNT_Maker/crab/WToLNu_HT1200to2500/crab_WToLNu_HT1200to2500/inputs/PSet.py
DEBUG 2018-12-03 14:14:21,506: 	 The following EDM output files will be collected: []
DEBUG 2018-12-03 14:14:21,507: 	 The following TFile output files will be collected: ['OutTree.root']
DEBUG 2018-12-03 14:14:21,507: 	 The following user output files will be collected: []
DEBUG 2018-12-03 14:14:21,507: 	 Loading required information from the environment
DEBUG 2018-12-03 14:14:21,507: 	 Found CMSSW_9_4_9_cand2 for slc6_amd64_gcc630 with base /afs/cern.ch/work/t/tayu/private/Tprime_dineutrino_2016/CMSSW_9_4_9_cand2
DEBUG 2018-12-03 14:14:21,507: 	 Making tarball in /afs/cern.ch/work/t/tayu/private/Tprime_dineutrino_2016/CMSSW_9_4_9_cand2/src/BSMFramework/BSM3G_TNT_Maker/crab/WToLNu_HT1200to2500/crab_WToLNu_HT1200to2500/inputs/f8c67246-dea4-4154-8aef-3333268f7be8default.tgz
DEBUG 2018-12-03 14:14:21,509: 	 Checking directory /afs/cern.ch/work/t/tayu/private/Tprime_dineutrino_2016/CMSSW_9_4_9_cand2/lib
DEBUG 2018-12-03 14:14:21,509: 	 Adding directory /afs/cern.ch/work/t/tayu/private/Tprime_dineutrino_2016/CMSSW_9_4_9_cand2/lib to tarball
DEBUG 2018-12-03 14:14:25,097: 	 Checking directory /afs/cern.ch/work/t/tayu/private/Tprime_dineutrino_2016/CMSSW_9_4_9_cand2/biglib
DEBUG 2018-12-03 14:14:25,097: 	 Adding directory /afs/cern.ch/work/t/tayu/private/Tprime_dineutrino_2016/CMSSW_9_4_9_cand2/biglib to tarball
DEBUG 2018-12-03 14:14:25,116: 	 Checking directory /afs/cern.ch/work/t/tayu/private/Tprime_dineutrino_2016/CMSSW_9_4_9_cand2/module
DEBUG 2018-12-03 14:14:25,117: 	 Checking directory /afs/cern.ch/work/t/tayu/private/Tprime_dineutrino_2016/CMSSW_9_4_9_cand2/external
DEBUG 2018-12-03 14:14:25,117: 	 Adding directory /afs/cern.ch/work/t/tayu/private/Tprime_dineutrino_2016/CMSSW_9_4_9_cand2/external to tarball
DEBUG 2018-12-03 14:14:28,307: 	 Adding data directory /afs/cern.ch/work/t/tayu/private/Tprime_dineutrino_2016/CMSSW_9_4_9_cand2/src/RecoEgamma/EgammaTools/data to tarball
DEBUG 2018-12-03 14:14:28,337: 	 Adding data directory /afs/cern.ch/work/t/tayu/private/Tprime_dineutrino_2016/CMSSW_9_4_9_cand2/src/RecoEgamma/EgammaTools/interface to tarball
DEBUG 2018-12-03 14:14:28,365: 	 Adding data directory /afs/cern.ch/work/t/tayu/private/Tprime_dineutrino_2016/CMSSW_9_4_9_cand2/src/RecoEgamma/EgammaPhotonProducers/interface to tarball
DEBUG 2018-12-03 14:14:28,382: 	 Adding data directory /afs/cern.ch/work/t/tayu/private/Tprime_dineutrino_2016/CMSSW_9_4_9_cand2/src/RecoEgamma/ElectronIdentification/data to tarball
DEBUG 2018-12-03 14:14:31,859: 	 Adding data directory /afs/cern.ch/work/t/tayu/private/Tprime_dineutrino_2016/CMSSW_9_4_9_cand2/src/RecoEgamma/ElectronIdentification/interface to tarball
DEBUG 2018-12-03 14:14:31,893: 	 Adding data directory /afs/cern.ch/work/t/tayu/private/Tprime_dineutrino_2016/CMSSW_9_4_9_cand2/src/RecoEgamma/PhotonIdentification/data to tarball
DEBUG 2018-12-03 14:14:32,811: 	 Adding data directory /afs/cern.ch/work/t/tayu/private/Tprime_dineutrino_2016/CMSSW_9_4_9_cand2/src/RecoEgamma/PhotonIdentification/interface to tarball
DEBUG 2018-12-03 14:14:32,827: 	 Adding data directory /afs/cern.ch/work/t/tayu/private/Tprime_dineutrino_2016/CMSSW_9_4_9_cand2/src/EgammaAnalysis/ElectronTools/data to tarball
DEBUG 2018-12-03 14:14:33,216: 	 Adding data directory /afs/cern.ch/work/t/tayu/private/Tprime_dineutrino_2016/CMSSW_9_4_9_cand2/src/EgammaAnalysis/ElectronTools/interface to tarball
DEBUG 2018-12-03 14:14:33,260: 	 Adding data directory /afs/cern.ch/work/t/tayu/private/Tprime_dineutrino_2016/CMSSW_9_4_9_cand2/src/CommonTools/ParticleFlow/interface to tarball
DEBUG 2018-12-03 14:14:33,301: 	 Adding data directory /afs/cern.ch/work/t/tayu/private/Tprime_dineutrino_2016/CMSSW_9_4_9_cand2/src/Configuration/PyReleaseValidation/data to tarball
DEBUG 2018-12-03 14:14:33,314: 	 Adding data directory /afs/cern.ch/work/t/tayu/private/Tprime_dineutrino_2016/CMSSW_9_4_9_cand2/src/JetMETCorrections/Type1MET/data to tarball
DEBUG 2018-12-03 14:14:33,319: 	 Adding data directory /afs/cern.ch/work/t/tayu/private/Tprime_dineutrino_2016/CMSSW_9_4_9_cand2/src/JetMETCorrections/Type1MET/interface to tarball
DEBUG 2018-12-03 14:14:33,334: 	 Adding data directory /afs/cern.ch/work/t/tayu/private/Tprime_dineutrino_2016/CMSSW_9_4_9_cand2/src/PhysicsTools/NanoAOD/interface to tarball
DEBUG 2018-12-03 14:14:33,345: 	 Adding data directory /afs/cern.ch/work/t/tayu/private/Tprime_dineutrino_2016/CMSSW_9_4_9_cand2/src/PhysicsTools/PatAlgos/interface to tarball
DEBUG 2018-12-03 14:14:33,399: 	 Adding data directory /afs/cern.ch/work/t/tayu/private/Tprime_dineutrino_2016/CMSSW_9_4_9_cand2/src/PhysicsTools/PatUtils/data to tarball
DEBUG 2018-12-03 14:14:33,725: 	 Adding data directory /afs/cern.ch/work/t/tayu/private/Tprime_dineutrino_2016/CMSSW_9_4_9_cand2/src/PhysicsTools/PatUtils/interface to tarball
DEBUG 2018-12-03 14:14:33,793: 	 Adding data directory /afs/cern.ch/work/t/tayu/private/Tprime_dineutrino_2016/CMSSW_9_4_9_cand2/src/RecoMET/METFilters/data to tarball
DEBUG 2018-12-03 14:14:33,803: 	 Adding data directory /afs/cern.ch/work/t/tayu/private/Tprime_dineutrino_2016/CMSSW_9_4_9_cand2/src/RecoMET/METFilters/interface to tarball
DEBUG 2018-12-03 14:14:34,067: 	 Adding data directory /afs/cern.ch/work/t/tayu/private/Tprime_dineutrino_2016/CMSSW_9_4_9_cand2/src/BSMFramework/BSM3G_TNT_Maker/data to tarball
DEBUG 2018-12-03 14:15:00,239: 	 Adding data directory /afs/cern.ch/work/t/tayu/private/Tprime_dineutrino_2016/CMSSW_9_4_9_cand2/src/BSMFramework/BSM3G_TNT_Maker/interface to tarball
DEBUG 2018-12-03 14:15:01,618: 	 Uploading archive /afs/cern.ch/work/t/tayu/private/Tprime_dineutrino_2016/CMSSW_9_4_9_cand2/src/BSMFramework/BSM3G_TNT_Maker/crab/WToLNu_HT1200to2500/crab_WToLNu_HT1200to2500/inputs/f8c67246-dea4-4154-8aef-3333268f7be8default.tgz (55 MB) to the CRAB cache. Using URI https://cmsweb.cern.ch/crabcache
DEBUG 2018-12-03 14:15:24,722: 	 Loading required information from the environment
DEBUG 2018-12-03 14:15:24,722: 	 Found CMSSW_9_4_9_cand2 for slc6_amd64_gcc630 with base /afs/cern.ch/work/t/tayu/private/Tprime_dineutrino_2016/CMSSW_9_4_9_cand2
DEBUG 2018-12-03 14:15:24,722: 	 Making tarball in /afs/cern.ch/work/t/tayu/private/Tprime_dineutrino_2016/CMSSW_9_4_9_cand2/src/BSMFramework/BSM3G_TNT_Maker/crab/WToLNu_HT1200to2500/crab_WToLNu_HT1200to2500/inputs/debugFiles.tgz
DEBUG 2018-12-03 14:15:24,735: 	 Uploading archive /afs/cern.ch/work/t/tayu/private/Tprime_dineutrino_2016/CMSSW_9_4_9_cand2/src/BSMFramework/BSM3G_TNT_Maker/crab/WToLNu_HT1200to2500/crab_WToLNu_HT1200to2500/inputs/debugFiles.tgz (5 KB) to the CRAB cache. Using URI https://cmsweb.cern.ch/crabcache
DEBUG 2018-12-03 14:15:25,697: 	 Result uploading input files: d99b66fd95e6cca5906e4a4bb361f5c29df164dab26a1f08226f1eb74abc068e.tar.gz 
WARNING 2018-12-03 14:15:25,697: 	 Warning: The following output files will not be published, as they are not EDM files: ['OutTree.root']
INFO 2018-12-03 14:15:25,698: 	 Sending the request to the server
DEBUG 2018-12-03 14:15:25,698: 	 Submitting {'maxjobruntime': 1250, 'extrajdl': [], 'ignorelocality': 0, 'savelogsflag': 1, 'useparent': 0, 'asyncdest': 'T2_CN_Beijing', 'algoargs': 1, 'cachefilename': 'd99b66fd95e6cca5906e4a4bb361f5c29df164dab26a1f08226f1eb74abc068e.tar.gz', 'numcores': 1, 'addoutputfiles': [], 'generator': 'pythia', 'maxmemory': 2000, 'publishdbsurl': 'https://cmsweb.cern.ch/dbs/prod/phys03/DBSWriter', 'priority': 10, 'jobsw': 'CMSSW_9_4_9_cand2', 'edmoutfiles': [], 'userfiles': [], 'primarydataset': '', 'inputdata': '/WJetsToLNu_HT-1200To2500_TuneCUETP8M1_13TeV-madgraphMLM-pythia8/RunIISummer16MiniAODv3-PUMoriond17_94X_mcRun2_asymptotic_v3-v2/MINIAODSIM', 'lfn': '/store/user/tayu/', 'dryrun': 0, 'workflow': 'crab_WToLNu_HT1200to2500', 'cacheurl': u'https://cmsweb.cern.ch/crabcache', 'nonprodsw': 0, 'tfileoutfiles': ['OutTree.root'], 'oneEventMode': 0, 'debugfilename': '579ab8395cf9bc49639c32dbf1c05bb66f398e4fcc494211f4be75851a86a72b.tar.gz', 'saveoutput': 1, 'publication': 1, 'jobarch': 'slc6_amd64_gcc630', 'totalunits': 40000, 'splitalgo': 'FileBased', 'ignoreglobalblacklist': 0, 'nonvaliddata': 1, 'dbsurl': 'https://cmsweb.cern.ch/dbs/prod/global/DBSReader', 'publishgroupname': 0, 'jobtype': 'Analysis', 'publishname2': 'WToLNu_HT1200to2500'} 
DEBUG 2018-12-03 14:15:25,698: 	 Encoded submit request: maxjobruntime=1250&ignorelocality=0&savelogsflag=1&useparent=0&asyncdest=T2_CN_Beijing&algoargs=1&cachefilename=d99b66fd95e6cca5906e4a4bb361f5c29df164dab26a1f08226f1eb74abc068e.tar.gz&numcores=1&generator=pythia&maxmemory=2000&publishdbsurl=https%3A%2F%2Fcmsweb.cern.ch%2Fdbs%2Fprod%2Fphys03%2FDBSWriter&priority=10&jobsw=CMSSW_9_4_9_cand2&primarydataset=&inputdata=%2FWJetsToLNu_HT-1200To2500_TuneCUETP8M1_13TeV-madgraphMLM-pythia8%2FRunIISummer16MiniAODv3-PUMoriond17_94X_mcRun2_asymptotic_v3-v2%2FMINIAODSIM&lfn=%2Fstore%2Fuser%2Ftayu%2F&dryrun=0&workflow=crab_WToLNu_HT1200to2500&cacheurl=https%3A%2F%2Fcmsweb.cern.ch%2Fcrabcache&nonprodsw=0&oneEventMode=0&debugfilename=579ab8395cf9bc49639c32dbf1c05bb66f398e4fcc494211f4be75851a86a72b.tar.gz&saveoutput=1&publication=1&jobarch=slc6_amd64_gcc630&totalunits=40000&splitalgo=FileBased&ignoreglobalblacklist=0&nonvaliddata=1&dbsurl=https%3A%2F%2Fcmsweb.cern.ch%2Fdbs%2Fprod%2Fglobal%2FDBSReader&publishgroupname=0&jobtype=Analysis&publishname2=WToLNu_HT1200to2500&tfileoutfiles=OutTree.root
DEBUG 2018-12-03 14:15:27,160: 	 Result: {u'result': [{u'RequestName': u'181203_131526:tayu_crab_WToLNu_HT1200to2500'}]}
INFO 2018-12-03 14:15:27,163: 	 Success: Your task has been delivered to the CRAB3 server.
INFO 2018-12-03 14:15:27,163: 	 Task name: 181203_131526:tayu_crab_WToLNu_HT1200to2500
INFO 2018-12-03 14:15:27,163: 	 Please use 'crab status' to check how the submission process proceeds.
DEBUG 2018-12-03 14:15:27,163: 	 About to return
