runTauID: not is_above_cmssw_version(10, 0, 0). Will update the list of available in DB samples to access dR0p32017v2
loadMVA_WPs_run2_2017: performed
DEBUG 2018-12-03 12:48:43,888: 	 Executing command: 'submit'
DEBUG 2018-12-03 12:48:43,902: 	 Found CRAB cache file /afs/cern.ch/user/t/tayu/.crab3
DEBUG 2018-12-03 12:48:43,975: 	 Checking credentials
DEBUG 2018-12-03 12:48:43,976: 	 Proxy file /tmp/x509up_u93266 not found
DEBUG 2018-12-03 12:48:43,976: 	 Creating new proxy for 24:00 hours with VO group '' and VO role 'NULL'.
DEBUG 2018-12-03 12:48:55,780: 	 Executing : 
 command : voms-proxy-init -voms cms:/cms -valid 24:00 -rfc
 output : None
 error: None
 retcode : 0
DEBUG 2018-12-03 12:48:57,001: 	 Executing : 
 command : voms-proxy-info -file /tmp/x509up_u93266 -timeleft
 output : 86398

 error: 
 retcode : 0
DEBUG 2018-12-03 12:48:58,630: 	 Executing : 
 command : voms-proxy-info -file /tmp/x509up_u93266 -actimeleft
 output : 86395

 error: 
 retcode : 0
DEBUG 2018-12-03 12:49:00,159: 	 Executing : 
 command : env X509_USER_PROXY=/tmp/x509up_u93266 voms-proxy-info -fqan
 output : /cms/Role=NULL/Capability=NULL

 error: 
 retcode : 0
DEBUG 2018-12-03 12:49:00,159: 	 Proxy created.
DEBUG 2018-12-03 12:49:00,160: 	 Will use CRAB Analysis plugin (i.e. will run an analysis job type).
DEBUG 2018-12-03 12:49:00,318: 	 Executing : 
 command : openssl x509 -in ~/.globus/usercert.pem -subject -noout
 output : subject= /DC=ch/DC=cern/OU=Organic Units/OU=Users/CN=tayu/CN=799968/CN=Taozhe Yu

 error: 
 retcode : 0
DEBUG 2018-12-03 12:49:00,318: 	 Checking credentials
DEBUG 2018-12-03 12:49:00,320: 	 Found proxy file /tmp/x509up_u93266
DEBUG 2018-12-03 12:49:00,320: 	 Getting proxy life time left
DEBUG 2018-12-03 12:49:01,653: 	 Executing : 
 command : voms-proxy-info -file /tmp/x509up_u93266 -timeleft
 output : 86393

 error: 
 retcode : 0
DEBUG 2018-12-03 12:49:02,983: 	 Executing : 
 command : voms-proxy-info -file /tmp/x509up_u93266 -actimeleft
 output : 86391

 error: 
 retcode : 0
DEBUG 2018-12-03 12:49:02,984: 	 Proxy valid for 23:59:53 hours
DEBUG 2018-12-03 12:49:04,300: 	 Executing : 
 command : env X509_USER_PROXY=/tmp/x509up_u93266 voms-proxy-info -fqan
 output : /cms/Role=NULL/Capability=NULL

 error: 
 retcode : 0
DEBUG 2018-12-03 12:49:05,250: 	 Registering user credentials for server /DC=ch/DC=cern/OU=computers/CN=vocms(052|058|030|0118|0105|0109).cern.ch|/DC=ch/DC=cern/OU=computers/CN=crab-(preprod|prod)-tw(02|01).cern.ch
DEBUG 2018-12-03 12:49:05,369: 	 Executing : 
 command : openssl x509 -in ~/.globus/usercert.pem -subject -noout
 output : subject= /DC=ch/DC=cern/OU=Organic Units/OU=Users/CN=tayu/CN=799968/CN=Taozhe Yu

 error: 
 retcode : 0
DEBUG 2018-12-03 12:49:05,370: 	 Getting myproxy life time left for myproxy.cern.ch
DEBUG 2018-12-03 12:49:05,370: 	 Calculating hash of /DC=ch/DC=cern/OU=Organic Units/OU=Users/CN=tayu/CN=799968/CN=Taozhe Yu_cmsweb.cern.ch for credential name
DEBUG 2018-12-03 12:49:06,080: 	 Executing : 
 command : myproxy-info -l 9f4b01bc4a4efc8c405fe8e76fd90f9c51cfc546 -s myproxy.cern.ch
 output : username: 9f4b01bc4a4efc8c405fe8e76fd90f9c51cfc546
owner: /DC=ch/DC=cern/OU=Organic Units/OU=Users/CN=tayu/CN=799968/CN=Taozhe Yu
  renewal policy: /DC=ch/DC=cern/OU=computers/CN=vocms(052|058|030|0118|0105|0109).cern.ch|/DC=ch/DC=cern/OU=computers/CN=crab-(preprod|prod)-tw(02|01).cern.ch
  trusted retrieval policy: /DC=ch/DC=cern/OU=computers/CN=vocms(052|058|030|0118|0105|0109).cern.ch|/DC=ch/DC=cern/OU=computers/CN=crab-(preprod|prod)-tw(02|01).cern.ch
  timeleft: 552:41:37  (23.0 days)

 error: 
 retcode : 0
DEBUG 2018-12-03 12:49:06,082: 	 Myproxy is valid: 1989697
DEBUG 2018-12-03 12:49:06,082: 	 Command use: submit
DEBUG 2018-12-03 12:49:06,082: 	 Options use: ['--config', <WMCore.Configuration.Configuration object at 0x7f0ee470b050>]
DEBUG 2018-12-03 12:49:07,273: 	 CRABClient version: 3.3.1809
DEBUG 2018-12-03 12:49:07,273: 	 Instance is prod
DEBUG 2018-12-03 12:49:07,273: 	 Server base url is cmsweb.cern.ch
DEBUG 2018-12-03 12:49:07,273: 	 Command url /crabserver/prod/workflow
DEBUG 2018-12-03 12:49:07,273: 	 Started submission
DEBUG 2018-12-03 12:49:07,273: 	 Working on /afs/cern.ch/work/t/tayu/private/Tprime_dineutrino_2016/CMSSW_9_4_9_cand2/src/BSMFramework/BSM3G_TNT_Maker/crab/TTTo2L2Nu/crab_TTTo2L2Nu
DEBUG 2018-12-03 12:49:09,133: 	 Loading required information from the environment
DEBUG 2018-12-03 12:49:09,134: 	 Found CMSSW_9_4_9_cand2 for slc6_amd64_gcc630 with base /afs/cern.ch/work/t/tayu/private/Tprime_dineutrino_2016/CMSSW_9_4_9_cand2
DEBUG 2018-12-03 12:49:09,134: 	 Loading required information from the environment
DEBUG 2018-12-03 12:49:09,134: 	 Found CMSSW_9_4_9_cand2 for slc6_amd64_gcc630 with base /afs/cern.ch/work/t/tayu/private/Tprime_dineutrino_2016/CMSSW_9_4_9_cand2
DEBUG 2018-12-03 12:49:09,263: 	 UNIQUE NAME: tarUUID cd06dfef-8f40-489e-9d76-5dbc43f0484a 
DEBUG 2018-12-03 12:49:09,272: 	 self.config: from WMCore.Configuration import Configuration
config = Configuration()
config.section_('General')
config.General.transferLogs = True
config.General.workArea = 'TTTo2L2Nu'
config.General.requestName = 'TTTo2L2Nu'
config.section_('JobType')
config.JobType.psetName = '/afs/cern.ch/work/t/tayu/private/Tprime_dineutrino_2016/CMSSW_9_4_9_cand2/src/BSMFramework/BSM3G_TNT_Maker/python/miniAOD_MC2016.py'
config.JobType.pluginName = 'Analysis'
config.JobType.pyCfgParams = ['ofName=TTTo2L2Nu']
config.JobType.sendExternalFolder = True
config.JobType.maxMemoryMB = 2000
config.section_('Data')
config.Data.inputDataset = '/TTTo2L2Nu_noSC_TuneCUETP8M2T4_13TeV-powheg-pythia8/RunIISummer16MiniAODv3-PUMoriond17_94X_mcRun2_asymptotic_v3-v1/MINIAODSIM'
config.Data.allowNonValidInputDataset = True
config.Data.totalUnits = 40000
config.Data.unitsPerJob = 1
config.Data.inputDBS = 'global'
config.Data.splitting = 'FileBased'
config.Data.outputDatasetTag = 'TTTo2L2Nu'
config.Data.outLFNDirBase = '/store/user/tayu/'
config.section_('Site')
config.Site.storageSite = 'T2_CN_Beijing'
config.section_('User')
config.section_('Debug')

DEBUG 2018-12-03 12:49:09,272: 	 self.config.JobType.psetName: /afs/cern.ch/work/t/tayu/private/Tprime_dineutrino_2016/CMSSW_9_4_9_cand2/src/BSMFramework/BSM3G_TNT_Maker/python/miniAOD_MC2016.py
INFO 2018-12-03 12:49:09,274: 	 Importing CMSSW configuration /afs/cern.ch/work/t/tayu/private/Tprime_dineutrino_2016/CMSSW_9_4_9_cand2/src/BSMFramework/BSM3G_TNT_Maker/python/miniAOD_MC2016.py
DEBUG 2018-12-03 12:49:09,274: 	 Additional parameters for the CMSSW configuration are: ['ofName=TTTo2L2Nu']
INFO 2018-12-03 12:49:24,594: 	 Finished importing CMSSW configuration /afs/cern.ch/work/t/tayu/private/Tprime_dineutrino_2016/CMSSW_9_4_9_cand2/src/BSMFramework/BSM3G_TNT_Maker/python/miniAOD_MC2016.py
DEBUG 2018-12-03 12:49:24,595: 	 Writing CMSSW configuration to /afs/cern.ch/work/t/tayu/private/Tprime_dineutrino_2016/CMSSW_9_4_9_cand2/src/BSMFramework/BSM3G_TNT_Maker/crab/TTTo2L2Nu/crab_TTTo2L2Nu/inputs/PSet.py
DEBUG 2018-12-03 12:49:25,146: 	 The following EDM output files will be collected: []
DEBUG 2018-12-03 12:49:25,146: 	 The following TFile output files will be collected: ['OutTree.root']
DEBUG 2018-12-03 12:49:25,147: 	 The following user output files will be collected: []
DEBUG 2018-12-03 12:49:25,147: 	 Loading required information from the environment
DEBUG 2018-12-03 12:49:25,147: 	 Found CMSSW_9_4_9_cand2 for slc6_amd64_gcc630 with base /afs/cern.ch/work/t/tayu/private/Tprime_dineutrino_2016/CMSSW_9_4_9_cand2
DEBUG 2018-12-03 12:49:25,147: 	 Making tarball in /afs/cern.ch/work/t/tayu/private/Tprime_dineutrino_2016/CMSSW_9_4_9_cand2/src/BSMFramework/BSM3G_TNT_Maker/crab/TTTo2L2Nu/crab_TTTo2L2Nu/inputs/cd06dfef-8f40-489e-9d76-5dbc43f0484adefault.tgz
DEBUG 2018-12-03 12:49:25,648: 	 Checking directory /afs/cern.ch/work/t/tayu/private/Tprime_dineutrino_2016/CMSSW_9_4_9_cand2/lib
DEBUG 2018-12-03 12:49:25,648: 	 Adding directory /afs/cern.ch/work/t/tayu/private/Tprime_dineutrino_2016/CMSSW_9_4_9_cand2/lib to tarball
DEBUG 2018-12-03 12:49:30,518: 	 Checking directory /afs/cern.ch/work/t/tayu/private/Tprime_dineutrino_2016/CMSSW_9_4_9_cand2/biglib
DEBUG 2018-12-03 12:49:30,518: 	 Adding directory /afs/cern.ch/work/t/tayu/private/Tprime_dineutrino_2016/CMSSW_9_4_9_cand2/biglib to tarball
DEBUG 2018-12-03 12:49:30,520: 	 Checking directory /afs/cern.ch/work/t/tayu/private/Tprime_dineutrino_2016/CMSSW_9_4_9_cand2/module
DEBUG 2018-12-03 12:49:30,520: 	 Checking directory /afs/cern.ch/work/t/tayu/private/Tprime_dineutrino_2016/CMSSW_9_4_9_cand2/external
DEBUG 2018-12-03 12:49:30,521: 	 Adding directory /afs/cern.ch/work/t/tayu/private/Tprime_dineutrino_2016/CMSSW_9_4_9_cand2/external to tarball
DEBUG 2018-12-03 12:49:35,546: 	 Adding data directory /afs/cern.ch/work/t/tayu/private/Tprime_dineutrino_2016/CMSSW_9_4_9_cand2/src/RecoEgamma/EgammaTools/data to tarball
DEBUG 2018-12-03 12:49:35,666: 	 Adding data directory /afs/cern.ch/work/t/tayu/private/Tprime_dineutrino_2016/CMSSW_9_4_9_cand2/src/RecoEgamma/EgammaTools/interface to tarball
DEBUG 2018-12-03 12:49:35,803: 	 Adding data directory /afs/cern.ch/work/t/tayu/private/Tprime_dineutrino_2016/CMSSW_9_4_9_cand2/src/RecoEgamma/EgammaPhotonProducers/interface to tarball
DEBUG 2018-12-03 12:49:35,949: 	 Adding data directory /afs/cern.ch/work/t/tayu/private/Tprime_dineutrino_2016/CMSSW_9_4_9_cand2/src/RecoEgamma/ElectronIdentification/data to tarball
DEBUG 2018-12-03 12:49:40,588: 	 Adding data directory /afs/cern.ch/work/t/tayu/private/Tprime_dineutrino_2016/CMSSW_9_4_9_cand2/src/RecoEgamma/ElectronIdentification/interface to tarball
DEBUG 2018-12-03 12:49:40,820: 	 Adding data directory /afs/cern.ch/work/t/tayu/private/Tprime_dineutrino_2016/CMSSW_9_4_9_cand2/src/RecoEgamma/PhotonIdentification/data to tarball
DEBUG 2018-12-03 12:49:41,963: 	 Adding data directory /afs/cern.ch/work/t/tayu/private/Tprime_dineutrino_2016/CMSSW_9_4_9_cand2/src/RecoEgamma/PhotonIdentification/interface to tarball
DEBUG 2018-12-03 12:49:42,074: 	 Adding data directory /afs/cern.ch/work/t/tayu/private/Tprime_dineutrino_2016/CMSSW_9_4_9_cand2/src/EgammaAnalysis/ElectronTools/data to tarball
DEBUG 2018-12-03 12:49:42,898: 	 Adding data directory /afs/cern.ch/work/t/tayu/private/Tprime_dineutrino_2016/CMSSW_9_4_9_cand2/src/EgammaAnalysis/ElectronTools/interface to tarball
DEBUG 2018-12-03 12:49:43,146: 	 Adding data directory /afs/cern.ch/work/t/tayu/private/Tprime_dineutrino_2016/CMSSW_9_4_9_cand2/src/CommonTools/ParticleFlow/interface to tarball
DEBUG 2018-12-03 12:49:43,638: 	 Adding data directory /afs/cern.ch/work/t/tayu/private/Tprime_dineutrino_2016/CMSSW_9_4_9_cand2/src/Configuration/PyReleaseValidation/data to tarball
DEBUG 2018-12-03 12:49:43,768: 	 Adding data directory /afs/cern.ch/work/t/tayu/private/Tprime_dineutrino_2016/CMSSW_9_4_9_cand2/src/JetMETCorrections/Type1MET/data to tarball
DEBUG 2018-12-03 12:49:43,783: 	 Adding data directory /afs/cern.ch/work/t/tayu/private/Tprime_dineutrino_2016/CMSSW_9_4_9_cand2/src/JetMETCorrections/Type1MET/interface to tarball
DEBUG 2018-12-03 12:49:43,913: 	 Adding data directory /afs/cern.ch/work/t/tayu/private/Tprime_dineutrino_2016/CMSSW_9_4_9_cand2/src/PhysicsTools/NanoAOD/interface to tarball
DEBUG 2018-12-03 12:49:44,056: 	 Adding data directory /afs/cern.ch/work/t/tayu/private/Tprime_dineutrino_2016/CMSSW_9_4_9_cand2/src/PhysicsTools/PatAlgos/interface to tarball
DEBUG 2018-12-03 12:49:44,841: 	 Adding data directory /afs/cern.ch/work/t/tayu/private/Tprime_dineutrino_2016/CMSSW_9_4_9_cand2/src/PhysicsTools/PatUtils/data to tarball
DEBUG 2018-12-03 12:49:45,254: 	 Adding data directory /afs/cern.ch/work/t/tayu/private/Tprime_dineutrino_2016/CMSSW_9_4_9_cand2/src/PhysicsTools/PatUtils/interface to tarball
DEBUG 2018-12-03 12:49:45,469: 	 Adding data directory /afs/cern.ch/work/t/tayu/private/Tprime_dineutrino_2016/CMSSW_9_4_9_cand2/src/RecoMET/METFilters/data to tarball
DEBUG 2018-12-03 12:49:45,476: 	 Adding data directory /afs/cern.ch/work/t/tayu/private/Tprime_dineutrino_2016/CMSSW_9_4_9_cand2/src/RecoMET/METFilters/interface to tarball
DEBUG 2018-12-03 12:49:46,092: 	 Adding data directory /afs/cern.ch/work/t/tayu/private/Tprime_dineutrino_2016/CMSSW_9_4_9_cand2/src/BSMFramework/BSM3G_TNT_Maker/data to tarball
DEBUG 2018-12-03 12:50:24,246: 	 Adding data directory /afs/cern.ch/work/t/tayu/private/Tprime_dineutrino_2016/CMSSW_9_4_9_cand2/src/BSMFramework/BSM3G_TNT_Maker/interface to tarball
DEBUG 2018-12-03 12:50:24,688: 	 Uploading archive /afs/cern.ch/work/t/tayu/private/Tprime_dineutrino_2016/CMSSW_9_4_9_cand2/src/BSMFramework/BSM3G_TNT_Maker/crab/TTTo2L2Nu/crab_TTTo2L2Nu/inputs/cd06dfef-8f40-489e-9d76-5dbc43f0484adefault.tgz (55 MB) to the CRAB cache. Using URI https://cmsweb.cern.ch/crabcache
DEBUG 2018-12-03 12:50:47,759: 	 Loading required information from the environment
DEBUG 2018-12-03 12:50:47,759: 	 Found CMSSW_9_4_9_cand2 for slc6_amd64_gcc630 with base /afs/cern.ch/work/t/tayu/private/Tprime_dineutrino_2016/CMSSW_9_4_9_cand2
DEBUG 2018-12-03 12:50:47,759: 	 Making tarball in /afs/cern.ch/work/t/tayu/private/Tprime_dineutrino_2016/CMSSW_9_4_9_cand2/src/BSMFramework/BSM3G_TNT_Maker/crab/TTTo2L2Nu/crab_TTTo2L2Nu/inputs/debugFiles.tgz
DEBUG 2018-12-03 12:50:47,786: 	 Uploading archive /afs/cern.ch/work/t/tayu/private/Tprime_dineutrino_2016/CMSSW_9_4_9_cand2/src/BSMFramework/BSM3G_TNT_Maker/crab/TTTo2L2Nu/crab_TTTo2L2Nu/inputs/debugFiles.tgz (5 KB) to the CRAB cache. Using URI https://cmsweb.cern.ch/crabcache
DEBUG 2018-12-03 12:50:48,859: 	 Result uploading input files: dcafd0bcfe48a42a5ca96c2a05d1f9bf7195d735d89a618123a9e0aed580d1bf.tar.gz 
WARNING 2018-12-03 12:50:48,859: 	 Warning: The following output files will not be published, as they are not EDM files: ['OutTree.root']
INFO 2018-12-03 12:50:48,860: 	 Sending the request to the server
DEBUG 2018-12-03 12:50:48,860: 	 Submitting {'maxjobruntime': 1250, 'extrajdl': [], 'ignorelocality': 0, 'savelogsflag': 1, 'useparent': 0, 'asyncdest': 'T2_CN_Beijing', 'algoargs': 1, 'cachefilename': 'dcafd0bcfe48a42a5ca96c2a05d1f9bf7195d735d89a618123a9e0aed580d1bf.tar.gz', 'numcores': 1, 'addoutputfiles': [], 'generator': 'pythia', 'maxmemory': 2000, 'publishdbsurl': 'https://cmsweb.cern.ch/dbs/prod/phys03/DBSWriter', 'priority': 10, 'jobsw': 'CMSSW_9_4_9_cand2', 'edmoutfiles': [], 'userfiles': [], 'primarydataset': '', 'inputdata': '/TTTo2L2Nu_noSC_TuneCUETP8M2T4_13TeV-powheg-pythia8/RunIISummer16MiniAODv3-PUMoriond17_94X_mcRun2_asymptotic_v3-v1/MINIAODSIM', 'lfn': '/store/user/tayu/', 'dryrun': 0, 'workflow': 'crab_TTTo2L2Nu', 'cacheurl': u'https://cmsweb.cern.ch/crabcache', 'nonprodsw': 0, 'tfileoutfiles': ['OutTree.root'], 'oneEventMode': 0, 'debugfilename': 'fa0f1babe4da13c0f54eb5219d252fb7431ae3a1271a767e4d8d482976357192.tar.gz', 'saveoutput': 1, 'publication': 1, 'jobarch': 'slc6_amd64_gcc630', 'totalunits': 40000, 'splitalgo': 'FileBased', 'ignoreglobalblacklist': 0, 'nonvaliddata': 1, 'dbsurl': 'https://cmsweb.cern.ch/dbs/prod/global/DBSReader', 'publishgroupname': 0, 'jobtype': 'Analysis', 'publishname2': 'TTTo2L2Nu'} 
DEBUG 2018-12-03 12:50:48,861: 	 Encoded submit request: maxjobruntime=1250&ignorelocality=0&savelogsflag=1&useparent=0&asyncdest=T2_CN_Beijing&algoargs=1&cachefilename=dcafd0bcfe48a42a5ca96c2a05d1f9bf7195d735d89a618123a9e0aed580d1bf.tar.gz&numcores=1&generator=pythia&maxmemory=2000&publishdbsurl=https%3A%2F%2Fcmsweb.cern.ch%2Fdbs%2Fprod%2Fphys03%2FDBSWriter&priority=10&jobsw=CMSSW_9_4_9_cand2&primarydataset=&inputdata=%2FTTTo2L2Nu_noSC_TuneCUETP8M2T4_13TeV-powheg-pythia8%2FRunIISummer16MiniAODv3-PUMoriond17_94X_mcRun2_asymptotic_v3-v1%2FMINIAODSIM&lfn=%2Fstore%2Fuser%2Ftayu%2F&dryrun=0&workflow=crab_TTTo2L2Nu&cacheurl=https%3A%2F%2Fcmsweb.cern.ch%2Fcrabcache&nonprodsw=0&oneEventMode=0&debugfilename=fa0f1babe4da13c0f54eb5219d252fb7431ae3a1271a767e4d8d482976357192.tar.gz&saveoutput=1&publication=1&jobarch=slc6_amd64_gcc630&totalunits=40000&splitalgo=FileBased&ignoreglobalblacklist=0&nonvaliddata=1&dbsurl=https%3A%2F%2Fcmsweb.cern.ch%2Fdbs%2Fprod%2Fglobal%2FDBSReader&publishgroupname=0&jobtype=Analysis&publishname2=TTTo2L2Nu&tfileoutfiles=OutTree.root
DEBUG 2018-12-03 12:50:50,209: 	 Result: {u'result': [{u'RequestName': u'181203_115049:tayu_crab_TTTo2L2Nu'}]}
INFO 2018-12-03 12:50:50,237: 	 Success: Your task has been delivered to the CRAB3 server.
INFO 2018-12-03 12:50:50,238: 	 Task name: 181203_115049:tayu_crab_TTTo2L2Nu
INFO 2018-12-03 12:50:50,238: 	 Please use 'crab status' to check how the submission process proceeds.
DEBUG 2018-12-03 12:50:50,238: 	 About to return
DEBUG 2018-12-03 14:04:47,718: 	 Executing command: 'status'
DEBUG 2018-12-03 14:04:47,724: 	 Found CRAB cache file /afs/cern.ch/user/t/tayu/.crab3
DEBUG 2018-12-03 14:04:48,035: 	 Checking credentials
DEBUG 2018-12-03 14:04:48,037: 	 Found proxy file /tmp/x509up_u93266
DEBUG 2018-12-03 14:04:48,037: 	 Getting proxy life time left
DEBUG 2018-12-03 14:04:49,482: 	 Executing : 
 command : voms-proxy-info -file /tmp/x509up_u93266 -timeleft
 output : 81845

 error: 
 retcode : 0
DEBUG 2018-12-03 14:04:50,833: 	 Executing : 
 command : voms-proxy-info -file /tmp/x509up_u93266 -actimeleft
 output : 81843

 error: 
 retcode : 0
DEBUG 2018-12-03 14:04:50,833: 	 Proxy valid for 22:44:05 hours
DEBUG 2018-12-03 14:04:50,970: 	 Executing : 
 command : openssl x509 -in ~/.globus/usercert.pem -subject -noout
 output : subject= /DC=ch/DC=cern/OU=Organic Units/OU=Users/CN=tayu/CN=799968/CN=Taozhe Yu

 error: 
 retcode : 0
DEBUG 2018-12-03 14:04:50,971: 	 Checking credentials
DEBUG 2018-12-03 14:04:50,971: 	 Found proxy file /tmp/x509up_u93266
DEBUG 2018-12-03 14:04:50,971: 	 Getting proxy life time left
DEBUG 2018-12-03 14:04:52,183: 	 Executing : 
 command : voms-proxy-info -file /tmp/x509up_u93266 -timeleft
 output : 81842

 error: 
 retcode : 0
DEBUG 2018-12-03 14:04:53,543: 	 Executing : 
 command : voms-proxy-info -file /tmp/x509up_u93266 -actimeleft
 output : 81840

 error: 
 retcode : 0
DEBUG 2018-12-03 14:04:53,544: 	 Proxy valid for 22:44:02 hours
DEBUG 2018-12-03 14:04:54,827: 	 Registering user credentials for server /DC=ch/DC=cern/OU=computers/CN=vocms(052|058|030|0118|0105|0109).cern.ch|/DC=ch/DC=cern/OU=computers/CN=crab-(preprod|prod)-tw(02|01).cern.ch
DEBUG 2018-12-03 14:04:55,049: 	 Executing : 
 command : openssl x509 -in ~/.globus/usercert.pem -subject -noout
 output : subject= /DC=ch/DC=cern/OU=Organic Units/OU=Users/CN=tayu/CN=799968/CN=Taozhe Yu

 error: 
 retcode : 0
DEBUG 2018-12-03 14:04:55,049: 	 Getting myproxy life time left for myproxy.cern.ch
DEBUG 2018-12-03 14:04:55,049: 	 Calculating hash of /DC=ch/DC=cern/OU=Organic Units/OU=Users/CN=tayu/CN=799968/CN=Taozhe Yu_cmsweb.cern.ch for credential name
DEBUG 2018-12-03 14:04:55,465: 	 Executing : 
 command : myproxy-info -l 9f4b01bc4a4efc8c405fe8e76fd90f9c51cfc546 -s myproxy.cern.ch
 output : username: 9f4b01bc4a4efc8c405fe8e76fd90f9c51cfc546
owner: /DC=ch/DC=cern/OU=Organic Units/OU=Users/CN=tayu/CN=799968/CN=Taozhe Yu
  renewal policy: /DC=ch/DC=cern/OU=computers/CN=vocms(052|058|030|0118|0105|0109).cern.ch|/DC=ch/DC=cern/OU=computers/CN=crab-(preprod|prod)-tw(02|01).cern.ch
  trusted retrieval policy: /DC=ch/DC=cern/OU=computers/CN=vocms(052|058|030|0118|0105|0109).cern.ch|/DC=ch/DC=cern/OU=computers/CN=crab-(preprod|prod)-tw(02|01).cern.ch
  timeleft: 551:25:48  (23.0 days)

 error: 
 retcode : 0
DEBUG 2018-12-03 14:04:55,466: 	 Myproxy is valid: 1985148
DEBUG 2018-12-03 14:04:55,466: 	 Command use: status
DEBUG 2018-12-03 14:04:55,466: 	 Options use: []
DEBUG 2018-12-03 14:04:56,520: 	 CRABClient version: 3.3.1809
DEBUG 2018-12-03 14:04:56,520: 	 Instance is prod
DEBUG 2018-12-03 14:04:56,520: 	 Server base url is cmsweb.cern.ch
DEBUG 2018-12-03 14:04:56,520: 	 Command url /crabserver/prod/workflow
DEBUG 2018-12-03 14:04:57,524: 	 Got information from server oracle database: {u'result': [u'181203_115049:tayu_crab_TTTo2L2Nu', u'None', u'None', u'SUBMITTED', u'SUBMIT', u'2018-12-03 11:50:50.192227', u'None', u'2018-12-03 11:51:37.748899', u'None', u'CMSSW_9_4_9_cand2', u'slc6_amd64_gcc630', u'/TTTo2L2Nu_noSC_TuneCUETP8M2T4_13TeV-powheg-pythia8/RunIISummer16MiniAODv3-PUMoriond17_94X_mcRun2_asymptotic_v3-v1/MINIAODSIM', u'T', u'0', u'[]', u'[]', u'FileBased', u"{'splitOnRun': False, 'halt_job_on_file_boundaries': False, 'files_per_job': 1, 'runs': [], 'lumis': []}", u'dcafd0bcfe48a42a5ca96c2a05d1f9bf7195d735d89a618123a9e0aed580d1bf.tar.gz', u'https://cmsweb.cern.ch/crabcache', u'tayu', u'/DC=ch/DC=cern/OU=Organic Units/OU=Users/CN=tayu/CN=799968/CN=Taozhe Yu', u'cms', u'None', u'None', u'TTTo2L2Nu-00000000000000000000000000000000', u'F', u'T2_CN_Beijing', u'https://cmsweb.cern.ch/dbs/prod/global/DBSReader', u'https://cmsweb.cern.ch/dbs/prod/phys03/DBSWriter', u'T', u'[]', u"['OutTree.root']", u'[]', u'Analysis', u'pythia', u'None', u'{}', u'[]', u'T', u'crab-prod-tw01', u'[]', u'1250', u'1', u'2000', u'10', u'None', u'[]', u'http://vocms0121.cern.ch/mon/cms177/181203_115049:tayu_crab_TTTo2L2Nu', u'None', u'[]', u'[]', u'https://cmsweb.cern.ch/crabserver/prod', u'cmsgwms-collector-global.cern.ch:9620,cmssrv221.fnal.gov:9620', u'crab3@vocms0121.cern.ch', u'F', u'[]', u'T', u'/store/user/tayu/', u'F', u'None', u'F', u'None', u'TTTo2L2Nu_noSC_TuneCUETP8M2T4_13TeV-powheg-pythia8', u'None', u'fa0f1babe4da13c0f54eb5219d252fb7431ae3a1271a767e4d8d482976357192.tar.gz', u'31149622', u'filetransfers', u'F', u'137.138.153.32', u'40000.0', u'None'], u'desc': {u'columns': [u'tm_taskname', u'tm_activity', u'panda_jobset_id', u'tm_task_status', u'tm_task_command', u'tm_start_time', u'tm_start_injection', u'tm_end_injection', u'tm_task_failure', u'tm_job_sw', u'tm_job_arch', u'tm_input_dataset', u'tm_nonvalid_input_dataset', u'tm_use_parent', u'tm_site_whitelist', u'tm_site_blacklist', u'tm_split_algo', u'tm_split_args', u'tm_user_sandbox', u'tm_cache_url', u'tm_username', u'tm_user_dn', u'tm_user_vo', u'tm_user_role', u'tm_user_group', u'tm_publish_name', u'tm_publish_groupname', u'tm_asyncdest', u'tm_dbs_url', u'tm_publish_dbs_url', u'tm_publication', u'tm_outfiles', u'tm_tfile_outfiles', u'tm_edm_outfiles', u'tm_job_type', u'tm_generator', u'tm_events_per_lumi', u'tm_arguments', u'panda_resubmitted_jobs', u'tm_save_logs', u'tw_name', u'tm_user_infiles', u'tm_maxjobruntime', u'tm_numcores', u'tm_maxmemory', u'tm_priority', u'tm_output_dataset', u'tm_task_warnings', u'tm_user_webdir', u'tm_scriptexe', u'tm_scriptargs', u'tm_extrajdl', u'tm_asourl', u'tm_collector', u'tm_schedd', u'tm_dry_run', u'tm_user_files', u'tm_transfer_outputs', u'tm_output_lfn', u'tm_ignore_locality', u'tm_fail_limit', u'tm_one_event_mode', u'tm_secondary_input_dataset', u'tm_primary_dataset', u'tm_last_publication', u'tm_debug_files', u'clusterid', u'tm_asodb', u'tm_ignore_global_blacklist', u'tm_submitter_ip_addr', u'tm_totalunits', u'tm_ddm_reqid']}}
INFO 2018-12-03 14:04:57,525: 	 CRAB project directory:		/afs/cern.ch/work/t/tayu/private/Tprime_dineutrino_2016/CMSSW_9_4_9_cand2/src/BSMFramework/BSM3G_TNT_Maker/crab/TTTo2L2Nu/crab_TTTo2L2Nu
INFO 2018-12-03 14:04:57,525: 	 Task name:			181203_115049:tayu_crab_TTTo2L2Nu
INFO 2018-12-03 14:04:57,525: 	 Grid scheduler - Task Worker:	crab3@vocms0121.cern.ch - crab-prod-tw01
INFO 2018-12-03 14:04:57,525: 	 Status on the CRAB server:	SUBMITTED
INFO 2018-12-03 14:04:57,525: 	 Task URL to use for HELP:	https://cmsweb.cern.ch/crabserver/ui/task/181203_115049%3Atayu_crab_TTTo2L2Nu
INFO 2018-12-03 14:04:57,525: 	 Dashboard monitoring URL:	http://dashb-cms-job.cern.ch/dashboard/templates/task-analysis/#user=tayu&refresh=0&table=Jobs&p=1&records=25&activemenu=2&status=&site=&tid=181203_115049%3Atayu_crab_TTTo2L2Nu
DEBUG 2018-12-03 14:04:57,525: 	 The CRAB server submitted your task to the Grid scheduler (cluster ID: 31149622)
DEBUG 2018-12-03 14:04:57,525: 	 Webdir is located at http://vocms0121.cern.ch/mon/cms177/181203_115049:tayu_crab_TTTo2L2Nu
DEBUG 2018-12-03 14:04:58,487: 	 Proxied webdir is located at https://cmsweb.cern.ch/scheddmon/0121/cms177/181203_115049:tayu_crab_TTTo2L2Nu
DEBUG 2018-12-03 14:04:58,487: 	 Retrieving 'status_cache' file from https://cmsweb.cern.ch/scheddmon/0121/cms177/181203_115049:tayu_crab_TTTo2L2Nu/status_cache
DEBUG 2018-12-03 14:04:59,552: 	 Got information from status cache file: {'58': {'Retries': 0, 'WallDurations': [9.0, 3610.0], 'StartTimes': [1543838396.0], 'SubmitTimes': [1543837959.0], 'JobIds': ['31149680.0'], 'EndTimes': [], 'Restarts': 0, 'RecordedSite': True, 'State': 'running', 'ResidentSetSize': [1326876], 'TotalUserCpuTimeHistory': [3301.0], 'SiteHistory': ['Unknown', 'T2_US_Wisconsin'], 'TotalSysCpuTimeHistory': [157.0]}, '30': {'Retries': 0, 'WallDurations': [9.0, 2803.0], 'StartTimes': [1543838152.0], 'SubmitTimes': [1543837929.0], 'JobIds': ['31149652.0'], 'EndTimes': [1543840955.0], 'Restarts': 0, 'RecordedSite': True, 'State': 'transferring', 'ResidentSetSize': [1297568], 'TotalUserCpuTimeHistory': [2446], 'SiteHistory': ['Unknown', 'T2_US_MIT'], 'TotalSysCpuTimeHistory': [110]}, '28': {'Retries': 0, 'WallDurations': [9.0, 3015.0], 'StartTimes': [1543838167.0], 'SubmitTimes': [1543837928.0], 'JobIds': ['31149650.0'], 'EndTimes': [], 'Restarts': 0, 'RecordedSite': True, 'State': 'running', 'ResidentSetSize': [1422376], 'TotalUserCpuTimeHistory': [2426.0], 'SiteHistory': ['Unknown', 'T2_US_Nebraska'], 'TotalSysCpuTimeHistory': [137.0]}, '29': {'Retries': 0, 'WallDurations': [9.0, 3916.0], 'StartTimes': [1543838154.0], 'SubmitTimes': [1543837928.0], 'JobIds': ['31149651.0'], 'EndTimes': [], 'Restarts': 0, 'RecordedSite': True, 'State': 'running', 'ResidentSetSize': [1342564], 'TotalUserCpuTimeHistory': [3491.0], 'SiteHistory': ['Unknown', 'T2_US_Wisconsin'], 'TotalSysCpuTimeHistory': [160.0]}, '60': {'Retries': 0, 'WallDurations': [9.0, 3614.0], 'StartTimes': [1543838396.0], 'SubmitTimes': [1543837961.0], 'JobIds': ['31149684.0'], 'EndTimes': [], 'Restarts': 0, 'RecordedSite': True, 'State': 'running', 'ResidentSetSize': [1529632], 'TotalUserCpuTimeHistory': [3261.0], 'SiteHistory': ['Unknown', 'T2_US_Wisconsin'], 'TotalSysCpuTimeHistory': [120.0]}, '61': {'Retries': 0, 'WallDurations': [9.0, 2711.0], 'StartTimes': [1543838395.0], 'SubmitTimes': [1543837962.0], 'JobIds': ['31149685.0'], 'EndTimes': [], 'Restarts': 0, 'RecordedSite': True, 'State': 'running', 'ResidentSetSize': [1362348], 'TotalUserCpuTimeHistory': [2465.0], 'SiteHistory': ['Unknown', 'T2_US_Wisconsin'], 'TotalSysCpuTimeHistory': [113.0]}, '62': {'Retries': 0, 'WallDurations': [8.0, 2710.0], 'StartTimes': [1543838397.0], 'SubmitTimes': [1543837962.0], 'JobIds': ['31149686.0'], 'EndTimes': [], 'Restarts': 0, 'RecordedSite': True, 'State': 'running', 'ResidentSetSize': [1397456], 'TotalUserCpuTimeHistory': [2255.0], 'SiteHistory': ['Unknown', 'T2_US_Wisconsin'], 'TotalSysCpuTimeHistory': [105.0]}, '63': {'Retries': 0, 'WallDurations': [8.0, 3316.0], 'StartTimes': [1543838773.0], 'SubmitTimes': [1543837964.0], 'JobIds': ['31149689.0'], 'EndTimes': [], 'Restarts': 0, 'RecordedSite': True, 'State': 'running', 'ResidentSetSize': [1379468], 'TotalUserCpuTimeHistory': [2562.0], 'SiteHistory': ['Unknown', 'T2_US_Vanderbilt'], 'TotalSysCpuTimeHistory': [87.0]}, '64': {'Retries': 0, 'WallDurations': [9.0, 3614.0], 'StartTimes': [1543838410.0], 'SubmitTimes': [1543837963.0], 'JobIds': ['31149687.0'], 'EndTimes': [], 'Restarts': 0, 'RecordedSite': True, 'State': 'running', 'ResidentSetSize': [1327560], 'TotalUserCpuTimeHistory': [3204.0], 'SiteHistory': ['Unknown', 'T2_US_Wisconsin'], 'TotalSysCpuTimeHistory': [147.0]}, '65': {'Retries': 0, 'WallDurations': [10.0, 3620.0], 'StartTimes': [1543838396.0], 'SubmitTimes': [1543837963.0], 'JobIds': ['31149688.0'], 'EndTimes': [], 'Restarts': 0, 'RecordedSite': True, 'State': 'running', 'ResidentSetSize': [1401672], 'TotalUserCpuTimeHistory': [3300.0], 'SiteHistory': ['Unknown', 'T2_US_Wisconsin'], 'TotalSysCpuTimeHistory': [145.0]}, '66': {'Retries': 0, 'WallDurations': [8.0, 3616.0], 'StartTimes': [1543838412.0], 'SubmitTimes': [1543837969.0], 'JobIds': ['31149691.0'], 'EndTimes': [], 'Restarts': 0, 'RecordedSite': True, 'State': 'running', 'ResidentSetSize': [1485396], 'TotalUserCpuTimeHistory': [2170.0], 'SiteHistory': ['Unknown', 'T2_US_Wisconsin'], 'TotalSysCpuTimeHistory': [88.0]}, '67': {'Retries': 0, 'WallDurations': [9.0, 2409.0], 'StartTimes': [1543838396.0], 'SubmitTimes': [1543837970.0], 'JobIds': ['31149694.0'], 'EndTimes': [], 'Restarts': 0, 'RecordedSite': True, 'State': 'running', 'ResidentSetSize': [1340316], 'TotalUserCpuTimeHistory': [2151.0], 'SiteHistory': ['Unknown', 'T2_US_Wisconsin'], 'TotalSysCpuTimeHistory': [110.0]}, '68': {'Retries': 0, 'WallDurations': [8.0, 3611.0], 'StartTimes': [1543838394.0], 'SubmitTimes': [1543837969.0], 'JobIds': ['31149692.0'], 'EndTimes': [], 'Restarts': 0, 'RecordedSite': True, 'State': 'running', 'ResidentSetSize': [1431680], 'TotalUserCpuTimeHistory': [3144.0], 'SiteHistory': ['Unknown', 'T2_US_Wisconsin'], 'TotalSysCpuTimeHistory': [120.0]}, '69': {'Retries': 0, 'WallDurations': [9.0, 3316.0], 'StartTimes': [1543838397.0], 'SubmitTimes': [1543837969.0], 'JobIds': ['31149693.0'], 'EndTimes': [], 'Restarts': 0, 'RecordedSite': True, 'State': 'running', 'ResidentSetSize': [1369112], 'TotalUserCpuTimeHistory': [2899.0], 'SiteHistory': ['Unknown', 'T2_US_Wisconsin'], 'TotalSysCpuTimeHistory': [106.0]}, '80': {'Retries': 0, 'WallDurations': [9.0, 3614.0], 'StartTimes': [1543838445.0], 'SubmitTimes': [1543837971.0], 'JobIds': ['31149704.0'], 'EndTimes': [], 'Restarts': 0, 'RecordedSite': True, 'State': 'running', 'ResidentSetSize': [1274168], 'TotalUserCpuTimeHistory': [3212.0], 'SiteHistory': ['Unknown', 'T2_BE_UCL'], 'TotalSysCpuTimeHistory': [108.0]}, '81': {'Retries': 0, 'WallDurations': [8.0, 3134.0], 'StartTimes': [1543838635.0], 'SubmitTimes': [1543837971.0], 'JobIds': ['31149706.0'], 'EndTimes': [1543841769.0], 'Restarts': 0, 'RecordedSite': True, 'State': 'transferring', 'ResidentSetSize': [1421628], 'TotalUserCpuTimeHistory': [2805], 'SiteHistory': ['Unknown', 'T2_US_Wisconsin'], 'TotalSysCpuTimeHistory': [159]}, '24': {'Retries': 0, 'WallDurations': [8.0, 3910.0], 'StartTimes': [1543838162.0], 'SubmitTimes': [1543837926.0], 'JobIds': ['31149646.0'], 'EndTimes': [], 'Restarts': 0, 'RecordedSite': True, 'State': 'running', 'ResidentSetSize': [1441292], 'TotalUserCpuTimeHistory': [3559.0], 'SiteHistory': ['Unknown', 'T2_US_Wisconsin'], 'TotalSysCpuTimeHistory': [159.0]}, '25': {'Retries': 0, 'WallDurations': [9.0, 3617.0], 'StartTimes': [1543838154.0], 'SubmitTimes': [1543837926.0], 'JobIds': ['31149647.0'], 'EndTimes': [], 'Restarts': 0, 'RecordedSite': True, 'State': 'running', 'ResidentSetSize': [1477324], 'TotalUserCpuTimeHistory': [3282.0], 'SiteHistory': ['Unknown', 'T2_US_Wisconsin'], 'TotalSysCpuTimeHistory': [153.0]}, '26': {'Retries': 0, 'WallDurations': [9.0, 3910.0], 'StartTimes': [1543838154.0], 'SubmitTimes': [1543837927.0], 'JobIds': ['31149648.0'], 'EndTimes': [], 'Restarts': 0, 'RecordedSite': True, 'State': 'running', 'ResidentSetSize': [1317956], 'TotalUserCpuTimeHistory': [3583.0], 'SiteHistory': ['Unknown', 'T2_US_Wisconsin'], 'TotalSysCpuTimeHistory': [159.0]}, '27': {'Retries': 0, 'WallDurations': [8.0, 3918.0], 'StartTimes': [1543838177.0], 'SubmitTimes': [1543837927.0], 'JobIds': ['31149649.0'], 'EndTimes': [], 'Restarts': 0, 'RecordedSite': True, 'State': 'running', 'ResidentSetSize': [1471312], 'TotalUserCpuTimeHistory': [2779.0], 'SiteHistory': ['Unknown', 'T2_US_UCSD'], 'TotalSysCpuTimeHistory': [114.0]}, '20': {'Retries': 0, 'WallDurations': [9.0, 3911.0], 'StartTimes': [1543838155.0], 'SubmitTimes': [1543837925.0], 'JobIds': ['31149643.0'], 'EndTimes': [], 'Restarts': 0, 'RecordedSite': True, 'State': 'running', 'ResidentSetSize': [1408080], 'TotalUserCpuTimeHistory': [3589.0], 'SiteHistory': ['Unknown', 'T2_US_Wisconsin'], 'TotalSysCpuTimeHistory': [163.0]}, '21': {'Retries': 0, 'WallDurations': [9.0, 1868.0], 'StartTimes': [1543838634.0], 'SubmitTimes': [1543837972.0], 'JobIds': ['31149708.0'], 'EndTimes': [1543840502.0], 'Restarts': 0, 'RecordedSite': True, 'State': 'failed', 'ResidentSetSize': [1337048], 'Error': [8001, "CmsRunFailure\nCMSSW error message follows.\nFatal Exception\nAn exception of category 'Type Mismatch' occurred while\n   [0] Processing  Event run: 1 lumi: 32423 event: 5144507 stream: 0\n   [1] Running path 'p'\n   [2] Calling method for module BSM3G_TNT_Maker/'TNT'\nException Message:\nThis PAT jet was not made from a JPTJet nor from PFJet.\n", {'type': 'Fatal Exception', 'details': "An exception of category 'Type Mismatch' occurred while\n   [0] Processing  Event run: 1 lumi: 32423 event: 5144507 stream: 0\n   [1] Running path 'p'\n   [2] Calling method for module BSM3G_TNT_Maker/'TNT'\nException Message:\nThis PAT jet was not made from a JPTJet nor from PFJet.", 'exitCode': '8001'}], 'TotalUserCpuTimeHistory': [1673], 'SiteHistory': ['Unknown', 'T2_US_Wisconsin'], 'TotalSysCpuTimeHistory': [78]}, '22': {'Retries': 0, 'WallDurations': [9.0, 3611.0], 'StartTimes': [1543838155.0], 'SubmitTimes': [1543837925.0], 'JobIds': ['31149644.0'], 'EndTimes': [], 'Restarts': 0, 'RecordedSite': True, 'State': 'running', 'ResidentSetSize': [1360904], 'TotalUserCpuTimeHistory': [3303.0], 'SiteHistory': ['Unknown', 'T2_US_Wisconsin'], 'TotalSysCpuTimeHistory': [141.0]}, '49': {'Retries': 0, 'WallDurations': [8.0, 3617.0], 'StartTimes': [1543838409.0], 'SubmitTimes': [1543837947.0], 'JobIds': ['31149672.0'], 'EndTimes': [], 'Restarts': 0, 'RecordedSite': True, 'State': 'running', 'ResidentSetSize': [1329500], 'TotalUserCpuTimeHistory': [3247.0], 'SiteHistory': ['Unknown', 'T2_US_Wisconsin'], 'TotalSysCpuTimeHistory': [132.0]}, '46': {'Retries': 0, 'WallDurations': [8.0, 3310.0], 'StartTimes': [1543838180.0], 'SubmitTimes': [1543837937.0], 'JobIds': ['31149668.0'], 'EndTimes': [], 'Restarts': 0, 'RecordedSite': True, 'State': 'running', 'ResidentSetSize': [1328296], 'TotalUserCpuTimeHistory': [2655.0], 'SiteHistory': ['Unknown', 'T2_US_Nebraska'], 'TotalSysCpuTimeHistory': [156.0]}, '23': {'Retries': 0, 'WallDurations': [10.0, 3918.0], 'StartTimes': [1543838151.0], 'SubmitTimes': [1543837925.0], 'JobIds': ['31149645.0'], 'EndTimes': [], 'Restarts': 0, 'RecordedSite': True, 'State': 'running', 'ResidentSetSize': [1353628], 'TotalUserCpuTimeHistory': [3479.0], 'SiteHistory': ['Unknown', 'T2_US_MIT'], 'TotalSysCpuTimeHistory': [143.0]}, '44': {'Retries': 0, 'WallDurations': [8.0, 3913.0], 'StartTimes': [1543838159.0], 'SubmitTimes': [1543837936.0], 'JobIds': ['31149666.0'], 'EndTimes': [], 'Restarts': 0, 'RecordedSite': True, 'State': 'running', 'ResidentSetSize': [1341564], 'TotalUserCpuTimeHistory': [3488.0], 'SiteHistory': ['Unknown', 'T2_US_Wisconsin'], 'TotalSysCpuTimeHistory': [159.0]}, '45': {'Retries': 0, 'WallDurations': [12.0, 3917.0], 'StartTimes': [1543838165.0], 'SubmitTimes': [1543837936.0], 'JobIds': ['31149667.0'], 'EndTimes': [], 'Restarts': 0, 'RecordedSite': True, 'State': 'running', 'ResidentSetSize': [1363520], 'TotalUserCpuTimeHistory': [2392.0], 'SiteHistory': ['Unknown', 'T2_US_Wisconsin'], 'TotalSysCpuTimeHistory': [776.0]}, '42': {'Retries': 0, 'WallDurations': [13.0, 3922.0], 'StartTimes': [1543838164.0], 'SubmitTimes': [1543837936.0], 'JobIds': ['31149664.0'], 'EndTimes': [], 'Restarts': 0, 'RecordedSite': True, 'State': 'running', 'ResidentSetSize': [1335468], 'TotalUserCpuTimeHistory': [2245.0], 'SiteHistory': ['Unknown', 'T2_US_Wisconsin'], 'TotalSysCpuTimeHistory': [916.0]}, '43': {'Retries': 0, 'WallDurations': [9.0, 3915.0], 'StartTimes': [1543838157.0], 'SubmitTimes': [1543837936.0], 'JobIds': ['31149665.0'], 'EndTimes': [], 'Restarts': 0, 'RecordedSite': True, 'State': 'running', 'ResidentSetSize': [1330348], 'TotalUserCpuTimeHistory': [3505.0], 'SiteHistory': ['Unknown', 'T2_US_Wisconsin'], 'TotalSysCpuTimeHistory': [157.0]}, '40': {'Retries': 0, 'WallDurations': [8.0, 3918.0], 'StartTimes': [1543838156.0], 'SubmitTimes': [1543837935.0], 'JobIds': ['31149662.0'], 'EndTimes': [], 'Restarts': 0, 'RecordedSite': True, 'State': 'running', 'ResidentSetSize': [1323640], 'TotalUserCpuTimeHistory': [3494.0], 'SiteHistory': ['Unknown', 'T2_US_Wisconsin'], 'TotalSysCpuTimeHistory': [158.0]}, '41': {'Retries': 0, 'WallDurations': [10.0, 3914.0], 'StartTimes': [1543838156.0], 'SubmitTimes': [1543837935.0], 'JobIds': ['31149663.0'], 'EndTimes': [], 'Restarts': 0, 'RecordedSite': True, 'State': 'running', 'ResidentSetSize': [1322948], 'TotalUserCpuTimeHistory': [3492.0], 'SiteHistory': ['Unknown', 'T2_US_Wisconsin'], 'TotalSysCpuTimeHistory': [163.0]}, '1': {'Retries': 0, 'WallDurations': [9.0, 3018.0], 'StartTimes': [1543838988.0], 'SubmitTimes': [1543837912.0], 'JobIds': ['31149624.0'], 'EndTimes': [], 'Restarts': 0, 'RecordedSite': True, 'State': 'running', 'ResidentSetSize': [1376752], 'TotalUserCpuTimeHistory': [2306.0], 'SiteHistory': ['Unknown', 'T2_US_Vanderbilt'], 'TotalSysCpuTimeHistory': [79.0]}, '82': {'Retries': 0, 'WallDurations': [10.0, 2114.0], 'StartTimes': [1543838635.0], 'SubmitTimes': [1543837971.0], 'JobIds': ['31149707.0'], 'EndTimes': [], 'Restarts': 0, 'RecordedSite': True, 'State': 'running', 'ResidentSetSize': [1383232], 'TotalUserCpuTimeHistory': [1859.0], 'SiteHistory': ['Unknown', 'T2_US_Wisconsin'], 'TotalSysCpuTimeHistory': [90.0]}, '3': {'Retries': 0, 'WallDurations': [10.0, 1813.0], 'StartTimes': [1543838636.0], 'SubmitTimes': [1543837912.0], 'JobIds': ['31149626.0'], 'EndTimes': [], 'Restarts': 0, 'RecordedSite': True, 'State': 'running', 'ResidentSetSize': [1397988], 'TotalUserCpuTimeHistory': [1602.0], 'SiteHistory': ['Unknown', 'T2_US_Wisconsin'], 'TotalSysCpuTimeHistory': [92.0]}, '2': {'Retries': 0, 'WallDurations': [9.0, 2414.0], 'StartTimes': [1543838635.0], 'SubmitTimes': [1543837912.0], 'JobIds': ['31149625.0'], 'EndTimes': [], 'Restarts': 0, 'RecordedSite': True, 'State': 'running', 'ResidentSetSize': [1528672], 'TotalUserCpuTimeHistory': [2218.0], 'SiteHistory': ['Unknown', 'T2_US_Wisconsin'], 'TotalSysCpuTimeHistory': [91.0]}, '5': {'Retries': 0, 'WallDurations': [9.0, 3316.0], 'StartTimes': [1543838639.0], 'SubmitTimes': [1543837914.0], 'JobIds': ['31149628.0'], 'EndTimes': [], 'Restarts': 0, 'RecordedSite': True, 'State': 'running', 'ResidentSetSize': [1303540], 'TotalUserCpuTimeHistory': [2886.0], 'SiteHistory': ['Unknown', 'T2_US_Wisconsin'], 'TotalSysCpuTimeHistory': [121.0]}, '4': {'Retries': 0, 'WallDurations': [10.0, 3312.0], 'StartTimes': [1543838634.0], 'SubmitTimes': [1543837913.0], 'JobIds': ['31149627.0'], 'EndTimes': [], 'Restarts': 0, 'RecordedSite': True, 'State': 'running', 'ResidentSetSize': [1390280], 'TotalUserCpuTimeHistory': [3034.0], 'SiteHistory': ['Unknown', 'T2_US_Wisconsin'], 'TotalSysCpuTimeHistory': [134.0]}, '7': {'Retries': 0, 'WallDurations': [10.0, 3917.0], 'StartTimes': [1543838156.0], 'SubmitTimes': [1543837914.0], 'JobIds': ['31149630.0'], 'EndTimes': [], 'Restarts': 0, 'RecordedSite': True, 'State': 'running', 'ResidentSetSize': [1412568], 'TotalUserCpuTimeHistory': [3578.0], 'SiteHistory': ['Unknown', 'T2_US_Wisconsin'], 'TotalSysCpuTimeHistory': [157.0]}, '6': {'Retries': 0, 'WallDurations': [9.0, 3615.0], 'StartTimes': [1543838565.0], 'SubmitTimes': [1543837914.0], 'JobIds': ['31149629.0'], 'EndTimes': [], 'Restarts': 0, 'RecordedSite': True, 'State': 'running', 'ResidentSetSize': [1432888], 'TotalUserCpuTimeHistory': [2701.0], 'SiteHistory': ['Unknown', 'T2_US_Vanderbilt'], 'TotalSysCpuTimeHistory': [110.0]}, '9': {'Retries': 0, 'WallDurations': [9.0, 3613.0], 'StartTimes': [1543838498.0], 'SubmitTimes': [1543837915.0], 'JobIds': ['31149632.0'], 'EndTimes': [], 'Restarts': 0, 'RecordedSite': True, 'State': 'running', 'ResidentSetSize': [1296236], 'TotalUserCpuTimeHistory': [2720.0], 'SiteHistory': ['Unknown', 'T2_US_Vanderbilt'], 'TotalSysCpuTimeHistory': [120.0]}, '8': {'Retries': 0, 'WallDurations': [8.0, 3913.0], 'StartTimes': [1543838157.0], 'SubmitTimes': [1543837915.0], 'JobIds': ['31149631.0'], 'EndTimes': [], 'Restarts': 0, 'RecordedSite': True, 'State': 'running', 'ResidentSetSize': [1457996], 'TotalUserCpuTimeHistory': [3454.0], 'SiteHistory': ['Unknown', 'T2_US_Wisconsin'], 'TotalSysCpuTimeHistory': [162.0]}, '32': {'Retries': 0, 'WallDurations': [11.0, 3917.0], 'StartTimes': [1543838166.0], 'SubmitTimes': [1543837934.0], 'JobIds': ['31149654.0'], 'EndTimes': [], 'Restarts': 0, 'RecordedSite': True, 'State': 'running', 'ResidentSetSize': [1330828], 'TotalUserCpuTimeHistory': [2545.0], 'SiteHistory': ['Unknown', 'T2_US_Wisconsin'], 'TotalSysCpuTimeHistory': [527.0]}, '18': {'Retries': 0, 'WallDurations': [9.0, 3976.0], 'StartTimes': [1543838154.0], 'SubmitTimes': [1543837925.0], 'JobIds': ['31149641.0'], 'EndTimes': [1543842130.0], 'Restarts': 0, 'RecordedSite': True, 'State': 'transferring', 'ResidentSetSize': [1391296], 'TotalUserCpuTimeHistory': [3553], 'SiteHistory': ['Unknown', 'T2_US_Wisconsin'], 'TotalSysCpuTimeHistory': [139]}, '35': {'Retries': 0, 'WallDurations': [8.0, 3611.0], 'StartTimes': [1543838156.0], 'SubmitTimes': [1543837935.0], 'JobIds': ['31149657.0'], 'EndTimes': [], 'Restarts': 0, 'RecordedSite': True, 'State': 'running', 'ResidentSetSize': [1380528], 'TotalUserCpuTimeHistory': [3293.0], 'SiteHistory': ['Unknown', 'T2_US_Wisconsin'], 'TotalSysCpuTimeHistory': [150.0]}, '13': {'Retries': 0, 'WallDurations': [9.0, 3914.0], 'StartTimes': [1543838156.0], 'SubmitTimes': [1543837917.0], 'JobIds': ['31149636.0'], 'EndTimes': [], 'Restarts': 0, 'RecordedSite': True, 'State': 'running', 'ResidentSetSize': [1309244], 'TotalUserCpuTimeHistory': [3496.0], 'SiteHistory': ['Unknown', 'T2_US_Wisconsin'], 'TotalSysCpuTimeHistory': [154.0]}, '34': {'Retries': 0, 'WallDurations': [9.0, 3911.0], 'StartTimes': [1543838157.0], 'SubmitTimes': [1543837934.0], 'JobIds': ['31149656.0'], 'EndTimes': [], 'Restarts': 0, 'RecordedSite': True, 'State': 'running', 'ResidentSetSize': [1346804], 'TotalUserCpuTimeHistory': [3595.0], 'SiteHistory': ['Unknown', 'T2_US_Wisconsin'], 'TotalSysCpuTimeHistory': [171.0]}, '77': {'Retries': 0, 'WallDurations': [9.0, 3614.0], 'StartTimes': [1543838397.0], 'SubmitTimes': [1543837971.0], 'JobIds': ['31149702.0'], 'EndTimes': [], 'Restarts': 0, 'RecordedSite': True, 'State': 'running', 'ResidentSetSize': [1416768], 'TotalUserCpuTimeHistory': [3306.0], 'SiteHistory': ['Unknown', 'T2_US_Wisconsin'], 'TotalSysCpuTimeHistory': [144.0]}, '76': {'Retries': 0, 'WallDurations': [8.0, 3617.0], 'StartTimes': [1543838414.0], 'SubmitTimes': [1543837971.0], 'JobIds': ['31149700.0'], 'EndTimes': [], 'Restarts': 0, 'RecordedSite': True, 'State': 'running', 'ResidentSetSize': [1463776], 'TotalUserCpuTimeHistory': [2185.0], 'SiteHistory': ['Unknown', 'T2_US_Wisconsin'], 'TotalSysCpuTimeHistory': [88.0]}, '75': {'Retries': 0, 'WallDurations': [10.0, 3616.0], 'StartTimes': [1543838394.0], 'SubmitTimes': [1543837971.0], 'JobIds': ['31149701.0'], 'EndTimes': [], 'Restarts': 0, 'RecordedSite': True, 'State': 'running', 'ResidentSetSize': [1450324], 'TotalUserCpuTimeHistory': [3117.0], 'SiteHistory': ['Unknown', 'T2_US_Wisconsin'], 'TotalSysCpuTimeHistory': [121.0]}, '12': {'Retries': 0, 'WallDurations': [9.0, 3315.0], 'StartTimes': [1543838154.0], 'SubmitTimes': [1543837917.0], 'JobIds': ['31149635.0'], 'EndTimes': [], 'Restarts': 0, 'RecordedSite': True, 'State': 'running', 'ResidentSetSize': [1303132], 'TotalUserCpuTimeHistory': [3031.0], 'SiteHistory': ['Unknown', 'T2_US_Wisconsin'], 'TotalSysCpuTimeHistory': [123.0]}, '73': {'Retries': 0, 'WallDurations': [10.0, 3713.0], 'StartTimes': [1543838397.0], 'SubmitTimes': [1543837970.0], 'JobIds': ['31149699.0'], 'EndTimes': [1543842110.0], 'Restarts': 0, 'RecordedSite': True, 'State': 'transferring', 'ResidentSetSize': [1407328], 'TotalUserCpuTimeHistory': [3375], 'SiteHistory': ['Unknown', 'T2_US_Wisconsin'], 'TotalSysCpuTimeHistory': [147]}, '72': {'Retries': 0, 'WallDurations': [9.0, 3613.0], 'StartTimes': [1543838396.0], 'SubmitTimes': [1543837970.0], 'JobIds': ['31149697.0'], 'EndTimes': [], 'Restarts': 0, 'RecordedSite': True, 'State': 'running', 'ResidentSetSize': [1412384], 'TotalUserCpuTimeHistory': [3298.0], 'SiteHistory': ['Unknown', 'T2_US_Wisconsin'], 'TotalSysCpuTimeHistory': [150.0]}, '71': {'Retries': 0, 'WallDurations': [8.0, 2414.0], 'StartTimes': [1543838393.0], 'SubmitTimes': [1543837970.0], 'JobIds': ['31149696.0'], 'EndTimes': [], 'Restarts': 0, 'RecordedSite': True, 'State': 'running', 'ResidentSetSize': [1382376], 'TotalUserCpuTimeHistory': [2074.0], 'SiteHistory': ['Unknown', 'T2_US_MIT'], 'TotalSysCpuTimeHistory': [94.0]}, '70': {'Retries': 0, 'WallDurations': [9.0, 3617.0], 'StartTimes': [1543838401.0], 'SubmitTimes': [1543837970.0], 'JobIds': ['31149695.0'], 'EndTimes': [], 'Restarts': 0, 'RecordedSite': True, 'State': 'running', 'ResidentSetSize': [1373552], 'TotalUserCpuTimeHistory': [3331.0], 'SiteHistory': ['Unknown', 'T2_US_Wisconsin'], 'TotalSysCpuTimeHistory': [151.0]}, '15': {'Retries': 0, 'WallDurations': [8.0, 2109.0], 'StartTimes': [1543838155.0], 'SubmitTimes': [1543837924.0], 'JobIds': ['31149638.0'], 'EndTimes': [], 'Restarts': 0, 'RecordedSite': True, 'State': 'running', 'ResidentSetSize': [1329516], 'TotalUserCpuTimeHistory': [1861.0], 'SiteHistory': ['Unknown', 'T2_US_Wisconsin'], 'TotalSysCpuTimeHistory': [92.0]}, '79': {'Retries': 0, 'WallDurations': [10.0, 3315.0], 'StartTimes': [1543838636.0], 'SubmitTimes': [1543837971.0], 'JobIds': ['31149705.0'], 'EndTimes': [], 'Restarts': 0, 'RecordedSite': True, 'State': 'running', 'ResidentSetSize': [1403496], 'TotalUserCpuTimeHistory': [2963.0], 'SiteHistory': ['Unknown', 'T2_US_Wisconsin'], 'TotalSysCpuTimeHistory': [137.0]}, '78': {'Retries': 0, 'WallDurations': [9.0, 3013.0], 'StartTimes': [1543838399.0], 'SubmitTimes': [1543837971.0], 'JobIds': ['31149703.0'], 'EndTimes': [], 'Restarts': 0, 'RecordedSite': True, 'State': 'running', 'ResidentSetSize': [1355924], 'TotalUserCpuTimeHistory': [2714.0], 'SiteHistory': ['Unknown', 'T2_US_Wisconsin'], 'TotalSysCpuTimeHistory': [97.0]}, '11': {'Retries': 0, 'WallDurations': [9.0, 3615.0], 'StartTimes': [1543838168.0], 'SubmitTimes': [1543837917.0], 'JobIds': ['31149634.0'], 'EndTimes': [], 'Restarts': 0, 'RecordedSite': True, 'State': 'running', 'ResidentSetSize': [1537548], 'TotalUserCpuTimeHistory': [3245.0], 'SiteHistory': ['Unknown', 'T2_US_Wisconsin'], 'TotalSysCpuTimeHistory': [96.0]}, '10': {'Retries': 0, 'WallDurations': [9.0, 3911.0], 'StartTimes': [1543838155.0], 'SubmitTimes': [1543837916.0], 'JobIds': ['31149633.0'], 'EndTimes': [], 'Restarts': 0, 'RecordedSite': True, 'State': 'running', 'ResidentSetSize': [1397908], 'TotalUserCpuTimeHistory': [3552.0], 'SiteHistory': ['Unknown', 'T2_US_Wisconsin'], 'TotalSysCpuTimeHistory': [165.0]}, '39': {'Retries': 0, 'WallDurations': [9.0, 3917.0], 'StartTimes': [1543838162.0], 'SubmitTimes': [1543837935.0], 'JobIds': ['31149661.0'], 'EndTimes': [], 'Restarts': 0, 'RecordedSite': True, 'State': 'running', 'ResidentSetSize': [1389404], 'TotalUserCpuTimeHistory': [3530.0], 'SiteHistory': ['Unknown', 'T2_US_Wisconsin'], 'TotalSysCpuTimeHistory': [160.0]}, '38': {'Retries': 0, 'WallDurations': [9.0, 3313.0], 'StartTimes': [1543838156.0], 'SubmitTimes': [1543837935.0], 'JobIds': ['31149658.0'], 'EndTimes': [], 'Restarts': 0, 'RecordedSite': True, 'State': 'running', 'ResidentSetSize': [1353992], 'TotalUserCpuTimeHistory': [3022.0], 'SiteHistory': ['Unknown', 'T2_US_Wisconsin'], 'TotalSysCpuTimeHistory': [139.0]}, '59': {'Retries': 0, 'WallDurations': [11.0, 3611.0], 'StartTimes': [1543838394.0], 'SubmitTimes': [1543837961.0], 'JobIds': ['31149683.0'], 'EndTimes': [], 'Restarts': 0, 'RecordedSite': True, 'State': 'running', 'ResidentSetSize': [1502324], 'TotalUserCpuTimeHistory': [3140.0], 'SiteHistory': ['Unknown', 'T2_US_Wisconsin'], 'TotalSysCpuTimeHistory': [118.0]}, '48': {'Retries': 0, 'WallDurations': [9.0, 2413.0], 'StartTimes': [1543838396.0], 'SubmitTimes': [1543837947.0], 'JobIds': ['31149671.0'], 'EndTimes': [], 'Restarts': 0, 'RecordedSite': True, 'State': 'running', 'ResidentSetSize': [1416524], 'TotalUserCpuTimeHistory': [2153.0], 'SiteHistory': ['Unknown', 'T2_US_Wisconsin'], 'TotalSysCpuTimeHistory': [98.0]}, '14': {'Retries': 0, 'WallDurations': [9.0, 3314.0], 'StartTimes': [1543838178.0], 'SubmitTimes': [1543837918.0], 'JobIds': ['31149637.0'], 'EndTimes': [], 'Restarts': 0, 'RecordedSite': True, 'State': 'running', 'ResidentSetSize': [1356008], 'TotalUserCpuTimeHistory': [2665.0], 'SiteHistory': ['Unknown', 'T2_US_Nebraska'], 'TotalSysCpuTimeHistory': [151.0]}, '16': {'Retries': 0, 'WallDurations': [9.0, 3591.0], 'StartTimes': [1543838164.0], 'SubmitTimes': [1543837924.0], 'JobIds': ['31149639.0'], 'EndTimes': [1543841755.0], 'Restarts': 0, 'RecordedSite': True, 'State': 'transferring', 'ResidentSetSize': [1403396], 'TotalUserCpuTimeHistory': [3244], 'SiteHistory': ['Unknown', 'T2_US_Wisconsin'], 'TotalSysCpuTimeHistory': [143]}, '19': {'Retries': 0, 'WallDurations': [8.0, 3017.0], 'StartTimes': [1543838165.0], 'SubmitTimes': [1543837925.0], 'JobIds': ['31149642.0'], 'EndTimes': [], 'Restarts': 0, 'RecordedSite': True, 'State': 'running', 'ResidentSetSize': [1484108], 'TotalUserCpuTimeHistory': [2154.0], 'SiteHistory': ['Unknown', 'T2_US_Vanderbilt'], 'TotalSysCpuTimeHistory': [101.0]}, '54': {'Retries': 0, 'WallDurations': [9.0, 3314.0], 'StartTimes': [1543838395.0], 'SubmitTimes': [1543837947.0], 'JobIds': ['31149677.0'], 'EndTimes': [], 'Restarts': 0, 'RecordedSite': True, 'State': 'running', 'ResidentSetSize': [1392908], 'TotalUserCpuTimeHistory': [2925.0], 'SiteHistory': ['Unknown', 'T2_US_Wisconsin'], 'TotalSysCpuTimeHistory': [121.0]}, '31': {'Retries': 0, 'WallDurations': [8.0, 3914.0], 'StartTimes': [1543838154.0], 'SubmitTimes': [1543837934.0], 'JobIds': ['31149653.0'], 'EndTimes': [], 'Restarts': 0, 'RecordedSite': True, 'State': 'running', 'ResidentSetSize': [1365888], 'TotalUserCpuTimeHistory': [3591.0], 'SiteHistory': ['Unknown', 'T2_US_Wisconsin'], 'TotalSysCpuTimeHistory': [173.0]}, '56': {'Retries': 0, 'WallDurations': [10.0, 2413.0], 'StartTimes': [1543838752.0], 'SubmitTimes': [1543837953.0], 'JobIds': ['31149679.0'], 'EndTimes': [], 'Restarts': 0, 'RecordedSite': True, 'State': 'running', 'ResidentSetSize': [1461824], 'TotalUserCpuTimeHistory': [1758.0], 'SiteHistory': ['Unknown', 'T2_US_Vanderbilt'], 'TotalSysCpuTimeHistory': [61.0]}, '51': {'Retries': 0, 'WallDurations': [9.0, 2111.0], 'StartTimes': [1543838395.0], 'SubmitTimes': [1543837947.0], 'JobIds': ['31149673.0'], 'EndTimes': [], 'Restarts': 0, 'RecordedSite': True, 'State': 'running', 'ResidentSetSize': [1499108], 'TotalUserCpuTimeHistory': [1825.0], 'SiteHistory': ['Unknown', 'T2_US_Wisconsin'], 'TotalSysCpuTimeHistory': [60.0]}, '36': {'Retries': 0, 'WallDurations': [8.0, 3914.0], 'StartTimes': [1543838158.0], 'SubmitTimes': [1543837935.0], 'JobIds': ['31149659.0'], 'EndTimes': [], 'Restarts': 0, 'RecordedSite': True, 'State': 'running', 'ResidentSetSize': [1472572], 'TotalUserCpuTimeHistory': [3562.0], 'SiteHistory': ['Unknown', 'T2_US_Wisconsin'], 'TotalSysCpuTimeHistory': [163.0]}, '53': {'Retries': 0, 'WallDurations': [9.0, 3613.0], 'StartTimes': [1543838396.0], 'SubmitTimes': [1543837947.0], 'JobIds': ['31149676.0'], 'EndTimes': [], 'Restarts': 0, 'RecordedSite': True, 'State': 'running', 'ResidentSetSize': [1321228], 'TotalUserCpuTimeHistory': [3256.0], 'SiteHistory': ['Unknown', 'T2_US_Wisconsin'], 'TotalSysCpuTimeHistory': [152.0]}, '52': {'Retries': 0, 'WallDurations': [9.0, 2414.0], 'StartTimes': [1543838397.0], 'SubmitTimes': [1543837947.0], 'JobIds': ['31149675.0'], 'EndTimes': [], 'Restarts': 0, 'RecordedSite': True, 'State': 'running', 'ResidentSetSize': [1381996], 'TotalUserCpuTimeHistory': [1981.0], 'SiteHistory': ['Unknown', 'T2_US_Wisconsin'], 'TotalSysCpuTimeHistory': [78.0]}, '33': {'Retries': 0, 'WallDurations': [10.0, 3616.0], 'StartTimes': [1543838154.0], 'SubmitTimes': [1543837934.0], 'JobIds': ['31149655.0'], 'EndTimes': [], 'Restarts': 0, 'RecordedSite': True, 'State': 'running', 'ResidentSetSize': [1327208], 'TotalUserCpuTimeHistory': [3207.0], 'SiteHistory': ['Unknown', 'T2_US_Wisconsin'], 'TotalSysCpuTimeHistory': [154.0]}, '55': {'Retries': 0, 'WallDurations': [9.0, 3615.0], 'StartTimes': [1543838396.0], 'SubmitTimes': [1543837951.0], 'JobIds': ['31149678.0'], 'EndTimes': [], 'Restarts': 0, 'RecordedSite': True, 'State': 'running', 'ResidentSetSize': [1428448], 'TotalUserCpuTimeHistory': [3182.0], 'SiteHistory': ['Unknown', 'T2_US_Wisconsin'], 'TotalSysCpuTimeHistory': [121.0]}, '74': {'Retries': 0, 'WallDurations': [9.0, 3315.0], 'StartTimes': [1543838784.0], 'SubmitTimes': [1543837970.0], 'JobIds': ['31149698.0'], 'EndTimes': [], 'Restarts': 0, 'RecordedSite': True, 'State': 'running', 'ResidentSetSize': [1406660], 'TotalUserCpuTimeHistory': [2576.0], 'SiteHistory': ['Unknown', 'T2_US_Vanderbilt'], 'TotalSysCpuTimeHistory': [87.0]}, '37': {'Retries': 0, 'WallDurations': [12.0, 3922.0], 'StartTimes': [1543838163.0], 'SubmitTimes': [1543837935.0], 'JobIds': ['31149660.0'], 'EndTimes': [], 'Restarts': 0, 'RecordedSite': True, 'State': 'running', 'ResidentSetSize': [1343960], 'TotalUserCpuTimeHistory': [2397.0], 'SiteHistory': ['Unknown', 'T2_US_Wisconsin'], 'TotalSysCpuTimeHistory': [708.0]}, '47': {'Retries': 0, 'WallDurations': [9.0, 3314.0], 'StartTimes': [1543838171.0], 'SubmitTimes': [1543837942.0], 'JobIds': ['31149669.0'], 'EndTimes': [], 'Restarts': 0, 'RecordedSite': True, 'State': 'running', 'ResidentSetSize': [1366836], 'TotalUserCpuTimeHistory': [2766.0], 'SiteHistory': ['Unknown', 'T2_US_Nebraska'], 'TotalSysCpuTimeHistory': [145.0]}, '17': {'Retries': 0, 'WallDurations': [9.0, 3613.0], 'StartTimes': [1543838151.0], 'SubmitTimes': [1543837924.0], 'JobIds': ['31149640.0'], 'EndTimes': [1543841764.0], 'Restarts': 0, 'RecordedSite': True, 'State': 'transferring', 'ResidentSetSize': [1465216], 'TotalUserCpuTimeHistory': [2502], 'SiteHistory': ['Unknown', 'T2_US_Vanderbilt'], 'TotalSysCpuTimeHistory': [140]}, '57': {'Retries': 0, 'WallDurations': [8.0, 3011.0], 'StartTimes': [1543838396.0], 'SubmitTimes': [1543837959.0], 'JobIds': ['31149682.0'], 'EndTimes': [], 'Restarts': 0, 'RecordedSite': True, 'State': 'running', 'ResidentSetSize': [1325400], 'TotalUserCpuTimeHistory': [2701.0], 'SiteHistory': ['Unknown', 'T2_US_Wisconsin'], 'TotalSysCpuTimeHistory': [125.0]}, '50': {'Retries': 0, 'WallDurations': [9.0, 3017.0], 'StartTimes': [1543838408.0], 'SubmitTimes': [1543837947.0], 'JobIds': ['31149674.0'], 'EndTimes': [], 'Restarts': 0, 'RecordedSite': True, 'State': 'running', 'ResidentSetSize': [1393980], 'TotalUserCpuTimeHistory': [2592.0], 'SiteHistory': ['Unknown', 'T2_US_Nebraska'], 'TotalSysCpuTimeHistory': [149.0]}}
INFO 2018-12-03 14:04:59,552: 	 Status on the scheduler:	SUBMITTED
INFO 2018-12-03 14:04:59,553: 	 
Jobs status:                    failed        		   1.2% ( 1/82)
INFO 2018-12-03 14:04:59,553: 	 				running        91.5% (75/82)
INFO 2018-12-03 14:04:59,553: 	 				transferring    7.3% ( 6/82)
INFO 2018-12-03 14:04:59,553: 	 
No publication information available yet
INFO 2018-12-03 14:04:59,553: 	 
Error Summary: (use crab status --verboseErrors for details about the errors)

 1 jobs failed with exit code 8001

Have a look at https://twiki.cern.ch/twiki/bin/viewauth/CMSPublic/JobExitCodes for a description of the exit codes.
INFO 2018-12-03 14:04:59,556: 	 
Warning: the max jobs runtime is less than 30% of the task requested value (1250 min), please consider to request a lower value (allowed through crab resubmit) and/or improve the jobs splitting (e.g. config.Data.splitting = 'Automatic') in a new task.
INFO 2018-12-03 14:04:59,556: 	 
Summary of run jobs:
 * Memory: 1344MB min, 1430MB max, 1357MB ave
 * Runtime: 0:30:13 min, 1:06:16 max, 0:54:02 ave
 * CPU eff: 73% min, 95% max, 90% ave
 * Waste: 0:01:03 (0% of total)

INFO 2018-12-03 14:04:59,692: 	 Log file is /afs/cern.ch/work/t/tayu/private/Tprime_dineutrino_2016/CMSSW_9_4_9_cand2/src/BSMFramework/BSM3G_TNT_Maker/crab/TTTo2L2Nu/crab_TTTo2L2Nu/crab.log
