runTauID: not is_above_cmssw_version(10, 0, 0). Will update the list of available in DB samples to access dR0p32017v2
loadMVA_WPs_run2_2017: performed
DEBUG 2018-12-03 15:29:51,387: 	 Executing command: 'submit'
DEBUG 2018-12-03 15:29:51,406: 	 Found CRAB cache file /afs/cern.ch/user/t/tayu/.crab3
DEBUG 2018-12-03 15:29:51,471: 	 Checking credentials
DEBUG 2018-12-03 15:29:51,472: 	 Found proxy file /tmp/x509up_u93266
DEBUG 2018-12-03 15:29:51,472: 	 Getting proxy life time left
DEBUG 2018-12-03 15:29:53,306: 	 Executing : 
 command : voms-proxy-info -file /tmp/x509up_u93266 -timeleft
 output : 76741

 error: 
 retcode : 0
DEBUG 2018-12-03 15:29:54,836: 	 Executing : 
 command : voms-proxy-info -file /tmp/x509up_u93266 -actimeleft
 output : 76739

 error: 
 retcode : 0
DEBUG 2018-12-03 15:29:54,838: 	 Proxy valid for 21:19:01 hours
DEBUG 2018-12-03 15:29:54,840: 	 Will use CRAB Analysis plugin (i.e. will run an analysis job type).
DEBUG 2018-12-03 15:29:55,007: 	 Executing : 
 command : openssl x509 -in ~/.globus/usercert.pem -subject -noout
 output : subject= /DC=ch/DC=cern/OU=Organic Units/OU=Users/CN=tayu/CN=799968/CN=Taozhe Yu

 error: 
 retcode : 0
DEBUG 2018-12-03 15:29:55,008: 	 Checking credentials
DEBUG 2018-12-03 15:29:55,008: 	 Found proxy file /tmp/x509up_u93266
DEBUG 2018-12-03 15:29:55,008: 	 Getting proxy life time left
DEBUG 2018-12-03 15:29:56,457: 	 Executing : 
 command : voms-proxy-info -file /tmp/x509up_u93266 -timeleft
 output : 76738

 error: 
 retcode : 0
DEBUG 2018-12-03 15:29:57,994: 	 Executing : 
 command : voms-proxy-info -file /tmp/x509up_u93266 -actimeleft
 output : 76736

 error: 
 retcode : 0
DEBUG 2018-12-03 15:29:57,995: 	 Proxy valid for 21:18:58 hours
DEBUG 2018-12-03 15:29:59,526: 	 Executing : 
 command : env X509_USER_PROXY=/tmp/x509up_u93266 voms-proxy-info -fqan
 output : /cms/Role=NULL/Capability=NULL

 error: 
 retcode : 0
DEBUG 2018-12-03 15:30:00,530: 	 Registering user credentials for server /DC=ch/DC=cern/OU=computers/CN=vocms(052|058|030|0118|0105|0109).cern.ch|/DC=ch/DC=cern/OU=computers/CN=crab-(preprod|prod)-tw(02|01).cern.ch
DEBUG 2018-12-03 15:30:00,763: 	 Executing : 
 command : openssl x509 -in ~/.globus/usercert.pem -subject -noout
 output : subject= /DC=ch/DC=cern/OU=Organic Units/OU=Users/CN=tayu/CN=799968/CN=Taozhe Yu

 error: 
 retcode : 0
DEBUG 2018-12-03 15:30:00,764: 	 Getting myproxy life time left for myproxy.cern.ch
DEBUG 2018-12-03 15:30:00,764: 	 Calculating hash of /DC=ch/DC=cern/OU=Organic Units/OU=Users/CN=tayu/CN=799968/CN=Taozhe Yu_cmsweb.cern.ch for credential name
DEBUG 2018-12-03 15:30:01,073: 	 Executing : 
 command : myproxy-info -l 9f4b01bc4a4efc8c405fe8e76fd90f9c51cfc546 -s myproxy.cern.ch
 output : username: 9f4b01bc4a4efc8c405fe8e76fd90f9c51cfc546
owner: /DC=ch/DC=cern/OU=Organic Units/OU=Users/CN=tayu/CN=799968/CN=Taozhe Yu
  renewal policy: /DC=ch/DC=cern/OU=computers/CN=vocms(052|058|030|0118|0105|0109).cern.ch|/DC=ch/DC=cern/OU=computers/CN=crab-(preprod|prod)-tw(02|01).cern.ch
  trusted retrieval policy: /DC=ch/DC=cern/OU=computers/CN=vocms(052|058|030|0118|0105|0109).cern.ch|/DC=ch/DC=cern/OU=computers/CN=crab-(preprod|prod)-tw(02|01).cern.ch
  timeleft: 550:00:43  (22.9 days)

 error: 
 retcode : 0
DEBUG 2018-12-03 15:30:01,075: 	 Myproxy is valid: 1980043
DEBUG 2018-12-03 15:30:01,076: 	 Command use: submit
DEBUG 2018-12-03 15:30:01,076: 	 Options use: ['--config', <WMCore.Configuration.Configuration object at 0x7fb862ab7050>]
DEBUG 2018-12-03 15:30:02,156: 	 CRABClient version: 3.3.1809
DEBUG 2018-12-03 15:30:02,157: 	 Instance is prod
DEBUG 2018-12-03 15:30:02,158: 	 Server base url is cmsweb.cern.ch
DEBUG 2018-12-03 15:30:02,158: 	 Command url /crabserver/prod/workflow
DEBUG 2018-12-03 15:30:02,158: 	 Started submission
DEBUG 2018-12-03 15:30:02,158: 	 Working on /afs/cern.ch/work/t/tayu/private/Tprime_dineutrino_2016/CMSSW_9_4_9_cand2/src/BSMFramework/BSM3G_TNT_Maker/crab/ZZTo2L2Nu/crab_ZZTo2L2Nu
DEBUG 2018-12-03 15:30:03,315: 	 Loading required information from the environment
DEBUG 2018-12-03 15:30:03,315: 	 Found CMSSW_9_4_9_cand2 for slc6_amd64_gcc630 with base /afs/cern.ch/work/t/tayu/private/Tprime_dineutrino_2016/CMSSW_9_4_9_cand2
DEBUG 2018-12-03 15:30:03,315: 	 Loading required information from the environment
DEBUG 2018-12-03 15:30:03,315: 	 Found CMSSW_9_4_9_cand2 for slc6_amd64_gcc630 with base /afs/cern.ch/work/t/tayu/private/Tprime_dineutrino_2016/CMSSW_9_4_9_cand2
DEBUG 2018-12-03 15:30:03,353: 	 UNIQUE NAME: tarUUID 89c32b0c-dd2e-4a81-80d7-886b8f517b08 
DEBUG 2018-12-03 15:30:03,355: 	 self.config: from WMCore.Configuration import Configuration
config = Configuration()
config.section_('General')
config.General.transferLogs = True
config.General.workArea = 'ZZTo2L2Nu'
config.General.requestName = 'ZZTo2L2Nu'
config.section_('JobType')
config.JobType.psetName = '/afs/cern.ch/work/t/tayu/private/Tprime_dineutrino_2016/CMSSW_9_4_9_cand2/src/BSMFramework/BSM3G_TNT_Maker/python/miniAOD_MC2016.py'
config.JobType.pluginName = 'Analysis'
config.JobType.pyCfgParams = ['ofName=ZZTo2L2Nu']
config.JobType.sendExternalFolder = True
config.JobType.maxMemoryMB = 2000
config.section_('Data')
config.Data.inputDataset = '/ZZTo2L2Nu_13TeV_powheg_pythia8_ext1/RunIISummer16MiniAODv3-PUMoriond17_94X_mcRun2_asymptotic_v3-v2/MINIAODSIM'
config.Data.allowNonValidInputDataset = True
config.Data.totalUnits = 40000
config.Data.unitsPerJob = 1
config.Data.inputDBS = 'global'
config.Data.splitting = 'FileBased'
config.Data.outputDatasetTag = 'ZZTo2L2Nu'
config.Data.outLFNDirBase = '/store/user/tayu/'
config.section_('Site')
config.Site.storageSite = 'T2_CN_Beijing'
config.section_('User')
config.section_('Debug')

DEBUG 2018-12-03 15:30:03,355: 	 self.config.JobType.psetName: /afs/cern.ch/work/t/tayu/private/Tprime_dineutrino_2016/CMSSW_9_4_9_cand2/src/BSMFramework/BSM3G_TNT_Maker/python/miniAOD_MC2016.py
INFO 2018-12-03 15:30:03,355: 	 Importing CMSSW configuration /afs/cern.ch/work/t/tayu/private/Tprime_dineutrino_2016/CMSSW_9_4_9_cand2/src/BSMFramework/BSM3G_TNT_Maker/python/miniAOD_MC2016.py
DEBUG 2018-12-03 15:30:03,356: 	 Additional parameters for the CMSSW configuration are: ['ofName=ZZTo2L2Nu']
INFO 2018-12-03 15:30:04,526: 	 Finished importing CMSSW configuration /afs/cern.ch/work/t/tayu/private/Tprime_dineutrino_2016/CMSSW_9_4_9_cand2/src/BSMFramework/BSM3G_TNT_Maker/python/miniAOD_MC2016.py
DEBUG 2018-12-03 15:30:04,527: 	 Writing CMSSW configuration to /afs/cern.ch/work/t/tayu/private/Tprime_dineutrino_2016/CMSSW_9_4_9_cand2/src/BSMFramework/BSM3G_TNT_Maker/crab/ZZTo2L2Nu/crab_ZZTo2L2Nu/inputs/PSet.py
DEBUG 2018-12-03 15:30:05,206: 	 The following EDM output files will be collected: []
DEBUG 2018-12-03 15:30:05,206: 	 The following TFile output files will be collected: ['OutTree.root']
DEBUG 2018-12-03 15:30:05,207: 	 The following user output files will be collected: []
DEBUG 2018-12-03 15:30:05,207: 	 Loading required information from the environment
DEBUG 2018-12-03 15:30:05,207: 	 Found CMSSW_9_4_9_cand2 for slc6_amd64_gcc630 with base /afs/cern.ch/work/t/tayu/private/Tprime_dineutrino_2016/CMSSW_9_4_9_cand2
DEBUG 2018-12-03 15:30:05,207: 	 Making tarball in /afs/cern.ch/work/t/tayu/private/Tprime_dineutrino_2016/CMSSW_9_4_9_cand2/src/BSMFramework/BSM3G_TNT_Maker/crab/ZZTo2L2Nu/crab_ZZTo2L2Nu/inputs/89c32b0c-dd2e-4a81-80d7-886b8f517b08default.tgz
DEBUG 2018-12-03 15:30:05,209: 	 Checking directory /afs/cern.ch/work/t/tayu/private/Tprime_dineutrino_2016/CMSSW_9_4_9_cand2/lib
DEBUG 2018-12-03 15:30:05,209: 	 Adding directory /afs/cern.ch/work/t/tayu/private/Tprime_dineutrino_2016/CMSSW_9_4_9_cand2/lib to tarball
DEBUG 2018-12-03 15:30:09,024: 	 Checking directory /afs/cern.ch/work/t/tayu/private/Tprime_dineutrino_2016/CMSSW_9_4_9_cand2/biglib
DEBUG 2018-12-03 15:30:09,025: 	 Adding directory /afs/cern.ch/work/t/tayu/private/Tprime_dineutrino_2016/CMSSW_9_4_9_cand2/biglib to tarball
DEBUG 2018-12-03 15:30:09,030: 	 Checking directory /afs/cern.ch/work/t/tayu/private/Tprime_dineutrino_2016/CMSSW_9_4_9_cand2/module
DEBUG 2018-12-03 15:30:09,033: 	 Checking directory /afs/cern.ch/work/t/tayu/private/Tprime_dineutrino_2016/CMSSW_9_4_9_cand2/external
DEBUG 2018-12-03 15:30:09,033: 	 Adding directory /afs/cern.ch/work/t/tayu/private/Tprime_dineutrino_2016/CMSSW_9_4_9_cand2/external to tarball
DEBUG 2018-12-03 15:30:12,357: 	 Adding data directory /afs/cern.ch/work/t/tayu/private/Tprime_dineutrino_2016/CMSSW_9_4_9_cand2/src/RecoEgamma/EgammaTools/data to tarball
DEBUG 2018-12-03 15:30:12,388: 	 Adding data directory /afs/cern.ch/work/t/tayu/private/Tprime_dineutrino_2016/CMSSW_9_4_9_cand2/src/RecoEgamma/EgammaTools/interface to tarball
DEBUG 2018-12-03 15:30:12,424: 	 Adding data directory /afs/cern.ch/work/t/tayu/private/Tprime_dineutrino_2016/CMSSW_9_4_9_cand2/src/RecoEgamma/EgammaPhotonProducers/interface to tarball
DEBUG 2018-12-03 15:30:12,445: 	 Adding data directory /afs/cern.ch/work/t/tayu/private/Tprime_dineutrino_2016/CMSSW_9_4_9_cand2/src/RecoEgamma/ElectronIdentification/data to tarball
DEBUG 2018-12-03 15:30:15,863: 	 Adding data directory /afs/cern.ch/work/t/tayu/private/Tprime_dineutrino_2016/CMSSW_9_4_9_cand2/src/RecoEgamma/ElectronIdentification/interface to tarball
DEBUG 2018-12-03 15:30:15,899: 	 Adding data directory /afs/cern.ch/work/t/tayu/private/Tprime_dineutrino_2016/CMSSW_9_4_9_cand2/src/RecoEgamma/PhotonIdentification/data to tarball
DEBUG 2018-12-03 15:30:16,751: 	 Adding data directory /afs/cern.ch/work/t/tayu/private/Tprime_dineutrino_2016/CMSSW_9_4_9_cand2/src/RecoEgamma/PhotonIdentification/interface to tarball
DEBUG 2018-12-03 15:30:16,806: 	 Adding data directory /afs/cern.ch/work/t/tayu/private/Tprime_dineutrino_2016/CMSSW_9_4_9_cand2/src/EgammaAnalysis/ElectronTools/data to tarball
DEBUG 2018-12-03 15:30:17,314: 	 Adding data directory /afs/cern.ch/work/t/tayu/private/Tprime_dineutrino_2016/CMSSW_9_4_9_cand2/src/EgammaAnalysis/ElectronTools/interface to tarball
DEBUG 2018-12-03 15:30:17,375: 	 Adding data directory /afs/cern.ch/work/t/tayu/private/Tprime_dineutrino_2016/CMSSW_9_4_9_cand2/src/CommonTools/ParticleFlow/interface to tarball
DEBUG 2018-12-03 15:30:17,443: 	 Adding data directory /afs/cern.ch/work/t/tayu/private/Tprime_dineutrino_2016/CMSSW_9_4_9_cand2/src/Configuration/PyReleaseValidation/data to tarball
DEBUG 2018-12-03 15:30:17,468: 	 Adding data directory /afs/cern.ch/work/t/tayu/private/Tprime_dineutrino_2016/CMSSW_9_4_9_cand2/src/JetMETCorrections/Type1MET/data to tarball
DEBUG 2018-12-03 15:30:17,482: 	 Adding data directory /afs/cern.ch/work/t/tayu/private/Tprime_dineutrino_2016/CMSSW_9_4_9_cand2/src/JetMETCorrections/Type1MET/interface to tarball
DEBUG 2018-12-03 15:30:17,499: 	 Adding data directory /afs/cern.ch/work/t/tayu/private/Tprime_dineutrino_2016/CMSSW_9_4_9_cand2/src/PhysicsTools/NanoAOD/interface to tarball
DEBUG 2018-12-03 15:30:17,510: 	 Adding data directory /afs/cern.ch/work/t/tayu/private/Tprime_dineutrino_2016/CMSSW_9_4_9_cand2/src/PhysicsTools/PatAlgos/interface to tarball
DEBUG 2018-12-03 15:30:17,569: 	 Adding data directory /afs/cern.ch/work/t/tayu/private/Tprime_dineutrino_2016/CMSSW_9_4_9_cand2/src/PhysicsTools/PatUtils/data to tarball
DEBUG 2018-12-03 15:30:17,830: 	 Adding data directory /afs/cern.ch/work/t/tayu/private/Tprime_dineutrino_2016/CMSSW_9_4_9_cand2/src/PhysicsTools/PatUtils/interface to tarball
DEBUG 2018-12-03 15:30:17,907: 	 Adding data directory /afs/cern.ch/work/t/tayu/private/Tprime_dineutrino_2016/CMSSW_9_4_9_cand2/src/RecoMET/METFilters/data to tarball
DEBUG 2018-12-03 15:30:17,909: 	 Adding data directory /afs/cern.ch/work/t/tayu/private/Tprime_dineutrino_2016/CMSSW_9_4_9_cand2/src/RecoMET/METFilters/interface to tarball
DEBUG 2018-12-03 15:30:18,271: 	 Adding data directory /afs/cern.ch/work/t/tayu/private/Tprime_dineutrino_2016/CMSSW_9_4_9_cand2/src/BSMFramework/BSM3G_TNT_Maker/data to tarball
DEBUG 2018-12-03 15:30:44,158: 	 Adding data directory /afs/cern.ch/work/t/tayu/private/Tprime_dineutrino_2016/CMSSW_9_4_9_cand2/src/BSMFramework/BSM3G_TNT_Maker/interface to tarball
DEBUG 2018-12-03 15:30:45,188: 	 Uploading archive /afs/cern.ch/work/t/tayu/private/Tprime_dineutrino_2016/CMSSW_9_4_9_cand2/src/BSMFramework/BSM3G_TNT_Maker/crab/ZZTo2L2Nu/crab_ZZTo2L2Nu/inputs/89c32b0c-dd2e-4a81-80d7-886b8f517b08default.tgz (55 MB) to the CRAB cache. Using URI https://cmsweb.cern.ch/crabcache
DEBUG 2018-12-03 15:31:08,230: 	 Loading required information from the environment
DEBUG 2018-12-03 15:31:08,231: 	 Found CMSSW_9_4_9_cand2 for slc6_amd64_gcc630 with base /afs/cern.ch/work/t/tayu/private/Tprime_dineutrino_2016/CMSSW_9_4_9_cand2
DEBUG 2018-12-03 15:31:08,231: 	 Making tarball in /afs/cern.ch/work/t/tayu/private/Tprime_dineutrino_2016/CMSSW_9_4_9_cand2/src/BSMFramework/BSM3G_TNT_Maker/crab/ZZTo2L2Nu/crab_ZZTo2L2Nu/inputs/debugFiles.tgz
DEBUG 2018-12-03 15:31:08,238: 	 Uploading archive /afs/cern.ch/work/t/tayu/private/Tprime_dineutrino_2016/CMSSW_9_4_9_cand2/src/BSMFramework/BSM3G_TNT_Maker/crab/ZZTo2L2Nu/crab_ZZTo2L2Nu/inputs/debugFiles.tgz (5 KB) to the CRAB cache. Using URI https://cmsweb.cern.ch/crabcache
DEBUG 2018-12-03 15:31:09,226: 	 Result uploading input files: 2a20b492cddfc54a7573e86b40eea47aed49b9cba1e564507d2cb45936154275.tar.gz 
WARNING 2018-12-03 15:31:09,227: 	 Warning: The following output files will not be published, as they are not EDM files: ['OutTree.root']
INFO 2018-12-03 15:31:09,227: 	 Sending the request to the server
DEBUG 2018-12-03 15:31:09,227: 	 Submitting {'maxjobruntime': 1250, 'extrajdl': [], 'ignorelocality': 0, 'savelogsflag': 1, 'useparent': 0, 'asyncdest': 'T2_CN_Beijing', 'algoargs': 1, 'cachefilename': '2a20b492cddfc54a7573e86b40eea47aed49b9cba1e564507d2cb45936154275.tar.gz', 'numcores': 1, 'addoutputfiles': [], 'generator': 'pythia', 'maxmemory': 2000, 'publishdbsurl': 'https://cmsweb.cern.ch/dbs/prod/phys03/DBSWriter', 'priority': 10, 'jobsw': 'CMSSW_9_4_9_cand2', 'edmoutfiles': [], 'userfiles': [], 'primarydataset': '', 'inputdata': '/ZZTo2L2Nu_13TeV_powheg_pythia8_ext1/RunIISummer16MiniAODv3-PUMoriond17_94X_mcRun2_asymptotic_v3-v2/MINIAODSIM', 'lfn': '/store/user/tayu/', 'dryrun': 0, 'workflow': 'crab_ZZTo2L2Nu', 'cacheurl': u'https://cmsweb.cern.ch/crabcache', 'nonprodsw': 0, 'tfileoutfiles': ['OutTree.root'], 'oneEventMode': 0, 'debugfilename': '8cf7d5e914395935490cf4bedd537cac7e6c53e93e4719e085d435500a4116e4.tar.gz', 'saveoutput': 1, 'publication': 1, 'jobarch': 'slc6_amd64_gcc630', 'totalunits': 40000, 'splitalgo': 'FileBased', 'ignoreglobalblacklist': 0, 'nonvaliddata': 1, 'dbsurl': 'https://cmsweb.cern.ch/dbs/prod/global/DBSReader', 'publishgroupname': 0, 'jobtype': 'Analysis', 'publishname2': 'ZZTo2L2Nu'} 
DEBUG 2018-12-03 15:31:09,227: 	 Encoded submit request: maxjobruntime=1250&ignorelocality=0&savelogsflag=1&useparent=0&asyncdest=T2_CN_Beijing&algoargs=1&cachefilename=2a20b492cddfc54a7573e86b40eea47aed49b9cba1e564507d2cb45936154275.tar.gz&numcores=1&generator=pythia&maxmemory=2000&publishdbsurl=https%3A%2F%2Fcmsweb.cern.ch%2Fdbs%2Fprod%2Fphys03%2FDBSWriter&priority=10&jobsw=CMSSW_9_4_9_cand2&primarydataset=&inputdata=%2FZZTo2L2Nu_13TeV_powheg_pythia8_ext1%2FRunIISummer16MiniAODv3-PUMoriond17_94X_mcRun2_asymptotic_v3-v2%2FMINIAODSIM&lfn=%2Fstore%2Fuser%2Ftayu%2F&dryrun=0&workflow=crab_ZZTo2L2Nu&cacheurl=https%3A%2F%2Fcmsweb.cern.ch%2Fcrabcache&nonprodsw=0&oneEventMode=0&debugfilename=8cf7d5e914395935490cf4bedd537cac7e6c53e93e4719e085d435500a4116e4.tar.gz&saveoutput=1&publication=1&jobarch=slc6_amd64_gcc630&totalunits=40000&splitalgo=FileBased&ignoreglobalblacklist=0&nonvaliddata=1&dbsurl=https%3A%2F%2Fcmsweb.cern.ch%2Fdbs%2Fprod%2Fglobal%2FDBSReader&publishgroupname=0&jobtype=Analysis&publishname2=ZZTo2L2Nu&tfileoutfiles=OutTree.root
DEBUG 2018-12-03 15:31:12,928: 	 Result: {u'result': [{u'RequestName': u'181203_143112:tayu_crab_ZZTo2L2Nu'}]}
INFO 2018-12-03 15:31:12,939: 	 Success: Your task has been delivered to the CRAB3 server.
INFO 2018-12-03 15:31:12,940: 	 Task name: 181203_143112:tayu_crab_ZZTo2L2Nu
INFO 2018-12-03 15:31:12,940: 	 Please use 'crab status' to check how the submission process proceeds.
DEBUG 2018-12-03 15:31:12,940: 	 About to return
