runTauID: not is_above_cmssw_version(10, 0, 0). Will update the list of available in DB samples to access dR0p32017v2
loadMVA_WPs_run2_2017: performed
DEBUG 2018-12-03 15:35:30,087: 	 Executing command: 'submit'
DEBUG 2018-12-03 15:35:30,096: 	 Found CRAB cache file /afs/cern.ch/user/t/tayu/.crab3
DEBUG 2018-12-03 15:35:30,119: 	 Checking credentials
DEBUG 2018-12-03 15:35:30,120: 	 Found proxy file /tmp/x509up_u93266
DEBUG 2018-12-03 15:35:30,120: 	 Getting proxy life time left
DEBUG 2018-12-03 15:35:31,560: 	 Executing : 
 command : voms-proxy-info -file /tmp/x509up_u93266 -timeleft
 output : 76403

 error: 
 retcode : 0
DEBUG 2018-12-03 15:35:32,886: 	 Executing : 
 command : voms-proxy-info -file /tmp/x509up_u93266 -actimeleft
 output : 76401

 error: 
 retcode : 0
DEBUG 2018-12-03 15:35:32,887: 	 Proxy valid for 21:13:23 hours
DEBUG 2018-12-03 15:35:32,889: 	 Will use CRAB Analysis plugin (i.e. will run an analysis job type).
DEBUG 2018-12-03 15:35:33,069: 	 Executing : 
 command : openssl x509 -in ~/.globus/usercert.pem -subject -noout
 output : subject= /DC=ch/DC=cern/OU=Organic Units/OU=Users/CN=tayu/CN=799968/CN=Taozhe Yu

 error: 
 retcode : 0
DEBUG 2018-12-03 15:35:33,069: 	 Checking credentials
DEBUG 2018-12-03 15:35:33,070: 	 Found proxy file /tmp/x509up_u93266
DEBUG 2018-12-03 15:35:33,070: 	 Getting proxy life time left
DEBUG 2018-12-03 15:35:34,392: 	 Executing : 
 command : voms-proxy-info -file /tmp/x509up_u93266 -timeleft
 output : 76400

 error: 
 retcode : 0
DEBUG 2018-12-03 15:35:35,623: 	 Executing : 
 command : voms-proxy-info -file /tmp/x509up_u93266 -actimeleft
 output : 76398

 error: 
 retcode : 0
DEBUG 2018-12-03 15:35:35,624: 	 Proxy valid for 21:13:20 hours
DEBUG 2018-12-03 15:35:37,057: 	 Executing : 
 command : env X509_USER_PROXY=/tmp/x509up_u93266 voms-proxy-info -fqan
 output : /cms/Role=NULL/Capability=NULL

 error: 
 retcode : 0
DEBUG 2018-12-03 15:35:38,022: 	 Registering user credentials for server /DC=ch/DC=cern/OU=computers/CN=vocms(052|058|030|0118|0105|0109).cern.ch|/DC=ch/DC=cern/OU=computers/CN=crab-(preprod|prod)-tw(02|01).cern.ch
DEBUG 2018-12-03 15:35:38,152: 	 Executing : 
 command : openssl x509 -in ~/.globus/usercert.pem -subject -noout
 output : subject= /DC=ch/DC=cern/OU=Organic Units/OU=Users/CN=tayu/CN=799968/CN=Taozhe Yu

 error: 
 retcode : 0
DEBUG 2018-12-03 15:35:38,153: 	 Getting myproxy life time left for myproxy.cern.ch
DEBUG 2018-12-03 15:35:38,153: 	 Calculating hash of /DC=ch/DC=cern/OU=Organic Units/OU=Users/CN=tayu/CN=799968/CN=Taozhe Yu_cmsweb.cern.ch for credential name
DEBUG 2018-12-03 15:35:38,463: 	 Executing : 
 command : myproxy-info -l 9f4b01bc4a4efc8c405fe8e76fd90f9c51cfc546 -s myproxy.cern.ch
 output : username: 9f4b01bc4a4efc8c405fe8e76fd90f9c51cfc546
owner: /DC=ch/DC=cern/OU=Organic Units/OU=Users/CN=tayu/CN=799968/CN=Taozhe Yu
  renewal policy: /DC=ch/DC=cern/OU=computers/CN=vocms(052|058|030|0118|0105|0109).cern.ch|/DC=ch/DC=cern/OU=computers/CN=crab-(preprod|prod)-tw(02|01).cern.ch
  trusted retrieval policy: /DC=ch/DC=cern/OU=computers/CN=vocms(052|058|030|0118|0105|0109).cern.ch|/DC=ch/DC=cern/OU=computers/CN=crab-(preprod|prod)-tw(02|01).cern.ch
  timeleft: 549:55:05  (22.9 days)

 error: 
 retcode : 0
DEBUG 2018-12-03 15:35:38,464: 	 Myproxy is valid: 1979705
DEBUG 2018-12-03 15:35:38,464: 	 Command use: submit
DEBUG 2018-12-03 15:35:38,465: 	 Options use: ['--config', <WMCore.Configuration.Configuration object at 0x7fb862ab7050>]
DEBUG 2018-12-03 15:35:39,561: 	 CRABClient version: 3.3.1809
DEBUG 2018-12-03 15:35:39,562: 	 Instance is prod
DEBUG 2018-12-03 15:35:39,562: 	 Server base url is cmsweb.cern.ch
DEBUG 2018-12-03 15:35:39,563: 	 Command url /crabserver/prod/workflow
DEBUG 2018-12-03 15:35:39,563: 	 Started submission
DEBUG 2018-12-03 15:35:39,564: 	 Working on /afs/cern.ch/work/t/tayu/private/Tprime_dineutrino_2016/CMSSW_9_4_9_cand2/src/BSMFramework/BSM3G_TNT_Maker/crab/WWTo2L2Nu/crab_WWTo2L2Nu
DEBUG 2018-12-03 15:35:40,548: 	 Loading required information from the environment
DEBUG 2018-12-03 15:35:40,548: 	 Found CMSSW_9_4_9_cand2 for slc6_amd64_gcc630 with base /afs/cern.ch/work/t/tayu/private/Tprime_dineutrino_2016/CMSSW_9_4_9_cand2
DEBUG 2018-12-03 15:35:40,548: 	 Loading required information from the environment
DEBUG 2018-12-03 15:35:40,548: 	 Found CMSSW_9_4_9_cand2 for slc6_amd64_gcc630 with base /afs/cern.ch/work/t/tayu/private/Tprime_dineutrino_2016/CMSSW_9_4_9_cand2
DEBUG 2018-12-03 15:35:40,586: 	 UNIQUE NAME: tarUUID 2565d8c6-ab97-4691-8d51-8ceafe67574c 
DEBUG 2018-12-03 15:35:40,587: 	 self.config: from WMCore.Configuration import Configuration
config = Configuration()
config.section_('General')
config.General.transferLogs = True
config.General.workArea = 'WWTo2L2Nu'
config.General.requestName = 'WWTo2L2Nu'
config.section_('JobType')
config.JobType.psetName = '/afs/cern.ch/work/t/tayu/private/Tprime_dineutrino_2016/CMSSW_9_4_9_cand2/src/BSMFramework/BSM3G_TNT_Maker/python/miniAOD_MC2016.py'
config.JobType.pluginName = 'Analysis'
config.JobType.pyCfgParams = ['ofName=WWTo2L2Nu']
config.JobType.sendExternalFolder = True
config.JobType.maxMemoryMB = 2000
config.section_('Data')
config.Data.inputDataset = '/WWTo2L2Nu_DoubleScattering_13TeV-pythia8/RunIISummer16MiniAODv3-PUMoriond17_94X_mcRun2_asymptotic_v3-v2/MINIAODSIM'
config.Data.allowNonValidInputDataset = True
config.Data.totalUnits = 40000
config.Data.unitsPerJob = 1
config.Data.inputDBS = 'global'
config.Data.splitting = 'FileBased'
config.Data.outputDatasetTag = 'WWTo2L2Nu'
config.Data.outLFNDirBase = '/store/user/tayu/'
config.section_('Site')
config.Site.storageSite = 'T2_CN_Beijing'
config.section_('User')
config.section_('Debug')

DEBUG 2018-12-03 15:35:40,587: 	 self.config.JobType.psetName: /afs/cern.ch/work/t/tayu/private/Tprime_dineutrino_2016/CMSSW_9_4_9_cand2/src/BSMFramework/BSM3G_TNT_Maker/python/miniAOD_MC2016.py
INFO 2018-12-03 15:35:40,588: 	 Importing CMSSW configuration /afs/cern.ch/work/t/tayu/private/Tprime_dineutrino_2016/CMSSW_9_4_9_cand2/src/BSMFramework/BSM3G_TNT_Maker/python/miniAOD_MC2016.py
DEBUG 2018-12-03 15:35:40,588: 	 Additional parameters for the CMSSW configuration are: ['ofName=WWTo2L2Nu']
INFO 2018-12-03 15:35:42,129: 	 Finished importing CMSSW configuration /afs/cern.ch/work/t/tayu/private/Tprime_dineutrino_2016/CMSSW_9_4_9_cand2/src/BSMFramework/BSM3G_TNT_Maker/python/miniAOD_MC2016.py
DEBUG 2018-12-03 15:35:42,129: 	 Writing CMSSW configuration to /afs/cern.ch/work/t/tayu/private/Tprime_dineutrino_2016/CMSSW_9_4_9_cand2/src/BSMFramework/BSM3G_TNT_Maker/crab/WWTo2L2Nu/crab_WWTo2L2Nu/inputs/PSet.py
DEBUG 2018-12-03 15:35:42,671: 	 The following EDM output files will be collected: []
DEBUG 2018-12-03 15:35:42,671: 	 The following TFile output files will be collected: ['OutTree.root']
DEBUG 2018-12-03 15:35:42,671: 	 The following user output files will be collected: []
DEBUG 2018-12-03 15:35:42,671: 	 Loading required information from the environment
DEBUG 2018-12-03 15:35:42,672: 	 Found CMSSW_9_4_9_cand2 for slc6_amd64_gcc630 with base /afs/cern.ch/work/t/tayu/private/Tprime_dineutrino_2016/CMSSW_9_4_9_cand2
DEBUG 2018-12-03 15:35:42,672: 	 Making tarball in /afs/cern.ch/work/t/tayu/private/Tprime_dineutrino_2016/CMSSW_9_4_9_cand2/src/BSMFramework/BSM3G_TNT_Maker/crab/WWTo2L2Nu/crab_WWTo2L2Nu/inputs/2565d8c6-ab97-4691-8d51-8ceafe67574cdefault.tgz
DEBUG 2018-12-03 15:35:42,674: 	 Checking directory /afs/cern.ch/work/t/tayu/private/Tprime_dineutrino_2016/CMSSW_9_4_9_cand2/lib
DEBUG 2018-12-03 15:35:42,674: 	 Adding directory /afs/cern.ch/work/t/tayu/private/Tprime_dineutrino_2016/CMSSW_9_4_9_cand2/lib to tarball
DEBUG 2018-12-03 15:35:46,384: 	 Checking directory /afs/cern.ch/work/t/tayu/private/Tprime_dineutrino_2016/CMSSW_9_4_9_cand2/biglib
DEBUG 2018-12-03 15:35:46,384: 	 Adding directory /afs/cern.ch/work/t/tayu/private/Tprime_dineutrino_2016/CMSSW_9_4_9_cand2/biglib to tarball
DEBUG 2018-12-03 15:35:46,395: 	 Checking directory /afs/cern.ch/work/t/tayu/private/Tprime_dineutrino_2016/CMSSW_9_4_9_cand2/module
DEBUG 2018-12-03 15:35:46,404: 	 Checking directory /afs/cern.ch/work/t/tayu/private/Tprime_dineutrino_2016/CMSSW_9_4_9_cand2/external
DEBUG 2018-12-03 15:35:46,404: 	 Adding directory /afs/cern.ch/work/t/tayu/private/Tprime_dineutrino_2016/CMSSW_9_4_9_cand2/external to tarball
DEBUG 2018-12-03 15:35:49,594: 	 Adding data directory /afs/cern.ch/work/t/tayu/private/Tprime_dineutrino_2016/CMSSW_9_4_9_cand2/src/RecoEgamma/EgammaTools/data to tarball
DEBUG 2018-12-03 15:35:49,623: 	 Adding data directory /afs/cern.ch/work/t/tayu/private/Tprime_dineutrino_2016/CMSSW_9_4_9_cand2/src/RecoEgamma/EgammaTools/interface to tarball
DEBUG 2018-12-03 15:35:49,663: 	 Adding data directory /afs/cern.ch/work/t/tayu/private/Tprime_dineutrino_2016/CMSSW_9_4_9_cand2/src/RecoEgamma/EgammaPhotonProducers/interface to tarball
DEBUG 2018-12-03 15:35:49,687: 	 Adding data directory /afs/cern.ch/work/t/tayu/private/Tprime_dineutrino_2016/CMSSW_9_4_9_cand2/src/RecoEgamma/ElectronIdentification/data to tarball
DEBUG 2018-12-03 15:35:53,198: 	 Adding data directory /afs/cern.ch/work/t/tayu/private/Tprime_dineutrino_2016/CMSSW_9_4_9_cand2/src/RecoEgamma/ElectronIdentification/interface to tarball
DEBUG 2018-12-03 15:35:53,235: 	 Adding data directory /afs/cern.ch/work/t/tayu/private/Tprime_dineutrino_2016/CMSSW_9_4_9_cand2/src/RecoEgamma/PhotonIdentification/data to tarball
DEBUG 2018-12-03 15:35:54,066: 	 Adding data directory /afs/cern.ch/work/t/tayu/private/Tprime_dineutrino_2016/CMSSW_9_4_9_cand2/src/RecoEgamma/PhotonIdentification/interface to tarball
DEBUG 2018-12-03 15:35:54,116: 	 Adding data directory /afs/cern.ch/work/t/tayu/private/Tprime_dineutrino_2016/CMSSW_9_4_9_cand2/src/EgammaAnalysis/ElectronTools/data to tarball
DEBUG 2018-12-03 15:35:54,555: 	 Adding data directory /afs/cern.ch/work/t/tayu/private/Tprime_dineutrino_2016/CMSSW_9_4_9_cand2/src/EgammaAnalysis/ElectronTools/interface to tarball
DEBUG 2018-12-03 15:35:54,619: 	 Adding data directory /afs/cern.ch/work/t/tayu/private/Tprime_dineutrino_2016/CMSSW_9_4_9_cand2/src/CommonTools/ParticleFlow/interface to tarball
DEBUG 2018-12-03 15:35:54,769: 	 Adding data directory /afs/cern.ch/work/t/tayu/private/Tprime_dineutrino_2016/CMSSW_9_4_9_cand2/src/Configuration/PyReleaseValidation/data to tarball
DEBUG 2018-12-03 15:35:54,784: 	 Adding data directory /afs/cern.ch/work/t/tayu/private/Tprime_dineutrino_2016/CMSSW_9_4_9_cand2/src/JetMETCorrections/Type1MET/data to tarball
DEBUG 2018-12-03 15:35:54,788: 	 Adding data directory /afs/cern.ch/work/t/tayu/private/Tprime_dineutrino_2016/CMSSW_9_4_9_cand2/src/JetMETCorrections/Type1MET/interface to tarball
DEBUG 2018-12-03 15:35:54,815: 	 Adding data directory /afs/cern.ch/work/t/tayu/private/Tprime_dineutrino_2016/CMSSW_9_4_9_cand2/src/PhysicsTools/NanoAOD/interface to tarball
DEBUG 2018-12-03 15:35:54,828: 	 Adding data directory /afs/cern.ch/work/t/tayu/private/Tprime_dineutrino_2016/CMSSW_9_4_9_cand2/src/PhysicsTools/PatAlgos/interface to tarball
DEBUG 2018-12-03 15:35:54,910: 	 Adding data directory /afs/cern.ch/work/t/tayu/private/Tprime_dineutrino_2016/CMSSW_9_4_9_cand2/src/PhysicsTools/PatUtils/data to tarball
DEBUG 2018-12-03 15:35:55,179: 	 Adding data directory /afs/cern.ch/work/t/tayu/private/Tprime_dineutrino_2016/CMSSW_9_4_9_cand2/src/PhysicsTools/PatUtils/interface to tarball
DEBUG 2018-12-03 15:35:55,228: 	 Adding data directory /afs/cern.ch/work/t/tayu/private/Tprime_dineutrino_2016/CMSSW_9_4_9_cand2/src/RecoMET/METFilters/data to tarball
DEBUG 2018-12-03 15:35:55,230: 	 Adding data directory /afs/cern.ch/work/t/tayu/private/Tprime_dineutrino_2016/CMSSW_9_4_9_cand2/src/RecoMET/METFilters/interface to tarball
DEBUG 2018-12-03 15:35:55,652: 	 Adding data directory /afs/cern.ch/work/t/tayu/private/Tprime_dineutrino_2016/CMSSW_9_4_9_cand2/src/BSMFramework/BSM3G_TNT_Maker/data to tarball
DEBUG 2018-12-03 15:36:21,911: 	 Adding data directory /afs/cern.ch/work/t/tayu/private/Tprime_dineutrino_2016/CMSSW_9_4_9_cand2/src/BSMFramework/BSM3G_TNT_Maker/interface to tarball
DEBUG 2018-12-03 15:36:23,355: 	 Uploading archive /afs/cern.ch/work/t/tayu/private/Tprime_dineutrino_2016/CMSSW_9_4_9_cand2/src/BSMFramework/BSM3G_TNT_Maker/crab/WWTo2L2Nu/crab_WWTo2L2Nu/inputs/2565d8c6-ab97-4691-8d51-8ceafe67574cdefault.tgz (55 MB) to the CRAB cache. Using URI https://cmsweb.cern.ch/crabcache
DEBUG 2018-12-03 15:36:45,838: 	 Loading required information from the environment
DEBUG 2018-12-03 15:36:45,839: 	 Found CMSSW_9_4_9_cand2 for slc6_amd64_gcc630 with base /afs/cern.ch/work/t/tayu/private/Tprime_dineutrino_2016/CMSSW_9_4_9_cand2
DEBUG 2018-12-03 15:36:45,839: 	 Making tarball in /afs/cern.ch/work/t/tayu/private/Tprime_dineutrino_2016/CMSSW_9_4_9_cand2/src/BSMFramework/BSM3G_TNT_Maker/crab/WWTo2L2Nu/crab_WWTo2L2Nu/inputs/debugFiles.tgz
DEBUG 2018-12-03 15:36:45,876: 	 Uploading archive /afs/cern.ch/work/t/tayu/private/Tprime_dineutrino_2016/CMSSW_9_4_9_cand2/src/BSMFramework/BSM3G_TNT_Maker/crab/WWTo2L2Nu/crab_WWTo2L2Nu/inputs/debugFiles.tgz (5 KB) to the CRAB cache. Using URI https://cmsweb.cern.ch/crabcache
DEBUG 2018-12-03 15:36:46,912: 	 Result uploading input files: 66eb16847545802dd261222674c4fdcb29ba33d5e1d24034a0ef7e70651058eb.tar.gz 
WARNING 2018-12-03 15:36:46,914: 	 Warning: The following output files will not be published, as they are not EDM files: ['OutTree.root']
INFO 2018-12-03 15:36:46,914: 	 Sending the request to the server
DEBUG 2018-12-03 15:36:46,914: 	 Submitting {'maxjobruntime': 1250, 'extrajdl': [], 'ignorelocality': 0, 'savelogsflag': 1, 'useparent': 0, 'asyncdest': 'T2_CN_Beijing', 'algoargs': 1, 'cachefilename': '66eb16847545802dd261222674c4fdcb29ba33d5e1d24034a0ef7e70651058eb.tar.gz', 'numcores': 1, 'addoutputfiles': [], 'generator': 'pythia', 'maxmemory': 2000, 'publishdbsurl': 'https://cmsweb.cern.ch/dbs/prod/phys03/DBSWriter', 'priority': 10, 'jobsw': 'CMSSW_9_4_9_cand2', 'edmoutfiles': [], 'userfiles': [], 'primarydataset': '', 'inputdata': '/WWTo2L2Nu_DoubleScattering_13TeV-pythia8/RunIISummer16MiniAODv3-PUMoriond17_94X_mcRun2_asymptotic_v3-v2/MINIAODSIM', 'lfn': '/store/user/tayu/', 'dryrun': 0, 'workflow': 'crab_WWTo2L2Nu', 'cacheurl': u'https://cmsweb.cern.ch/crabcache', 'nonprodsw': 0, 'tfileoutfiles': ['OutTree.root'], 'oneEventMode': 0, 'debugfilename': 'ce0dbe2d2017eccb9f031abefa7bd5d6ae924e2f151026618e861727e8b4c56d.tar.gz', 'saveoutput': 1, 'publication': 1, 'jobarch': 'slc6_amd64_gcc630', 'totalunits': 40000, 'splitalgo': 'FileBased', 'ignoreglobalblacklist': 0, 'nonvaliddata': 1, 'dbsurl': 'https://cmsweb.cern.ch/dbs/prod/global/DBSReader', 'publishgroupname': 0, 'jobtype': 'Analysis', 'publishname2': 'WWTo2L2Nu'} 
DEBUG 2018-12-03 15:36:46,914: 	 Encoded submit request: maxjobruntime=1250&ignorelocality=0&savelogsflag=1&useparent=0&asyncdest=T2_CN_Beijing&algoargs=1&cachefilename=66eb16847545802dd261222674c4fdcb29ba33d5e1d24034a0ef7e70651058eb.tar.gz&numcores=1&generator=pythia&maxmemory=2000&publishdbsurl=https%3A%2F%2Fcmsweb.cern.ch%2Fdbs%2Fprod%2Fphys03%2FDBSWriter&priority=10&jobsw=CMSSW_9_4_9_cand2&primarydataset=&inputdata=%2FWWTo2L2Nu_DoubleScattering_13TeV-pythia8%2FRunIISummer16MiniAODv3-PUMoriond17_94X_mcRun2_asymptotic_v3-v2%2FMINIAODSIM&lfn=%2Fstore%2Fuser%2Ftayu%2F&dryrun=0&workflow=crab_WWTo2L2Nu&cacheurl=https%3A%2F%2Fcmsweb.cern.ch%2Fcrabcache&nonprodsw=0&oneEventMode=0&debugfilename=ce0dbe2d2017eccb9f031abefa7bd5d6ae924e2f151026618e861727e8b4c56d.tar.gz&saveoutput=1&publication=1&jobarch=slc6_amd64_gcc630&totalunits=40000&splitalgo=FileBased&ignoreglobalblacklist=0&nonvaliddata=1&dbsurl=https%3A%2F%2Fcmsweb.cern.ch%2Fdbs%2Fprod%2Fglobal%2FDBSReader&publishgroupname=0&jobtype=Analysis&publishname2=WWTo2L2Nu&tfileoutfiles=OutTree.root
DEBUG 2018-12-03 15:36:48,232: 	 Result: {u'result': [{u'RequestName': u'181203_143647:tayu_crab_WWTo2L2Nu'}]}
INFO 2018-12-03 15:36:48,236: 	 Success: Your task has been delivered to the CRAB3 server.
INFO 2018-12-03 15:36:48,236: 	 Task name: 181203_143647:tayu_crab_WWTo2L2Nu
INFO 2018-12-03 15:36:48,237: 	 Please use 'crab status' to check how the submission process proceeds.
DEBUG 2018-12-03 15:36:48,237: 	 About to return
