runTauID: not is_above_cmssw_version(10, 0, 0). Will update the list of available in DB samples to access dR0p32017v2
loadMVA_WPs_run2_2017: performed
DEBUG 2018-12-03 15:31:12,956: 	 Executing command: 'submit'
DEBUG 2018-12-03 15:31:12,961: 	 Found CRAB cache file /afs/cern.ch/user/t/tayu/.crab3
DEBUG 2018-12-03 15:31:13,030: 	 Checking credentials
DEBUG 2018-12-03 15:31:13,030: 	 Found proxy file /tmp/x509up_u93266
DEBUG 2018-12-03 15:31:13,031: 	 Getting proxy life time left
DEBUG 2018-12-03 15:31:14,470: 	 Executing : 
 command : voms-proxy-info -file /tmp/x509up_u93266 -timeleft
 output : 76660

 error: 
 retcode : 0
DEBUG 2018-12-03 15:31:15,806: 	 Executing : 
 command : voms-proxy-info -file /tmp/x509up_u93266 -actimeleft
 output : 76658

 error: 
 retcode : 0
DEBUG 2018-12-03 15:31:15,807: 	 Proxy valid for 21:17:40 hours
DEBUG 2018-12-03 15:31:15,809: 	 Will use CRAB Analysis plugin (i.e. will run an analysis job type).
DEBUG 2018-12-03 15:31:15,975: 	 Executing : 
 command : openssl x509 -in ~/.globus/usercert.pem -subject -noout
 output : subject= /DC=ch/DC=cern/OU=Organic Units/OU=Users/CN=tayu/CN=799968/CN=Taozhe Yu

 error: 
 retcode : 0
DEBUG 2018-12-03 15:31:15,976: 	 Checking credentials
DEBUG 2018-12-03 15:31:15,976: 	 Found proxy file /tmp/x509up_u93266
DEBUG 2018-12-03 15:31:15,976: 	 Getting proxy life time left
DEBUG 2018-12-03 15:31:17,100: 	 Executing : 
 command : voms-proxy-info -file /tmp/x509up_u93266 -timeleft
 output : 76657

 error: 
 retcode : 0
DEBUG 2018-12-03 15:31:18,225: 	 Executing : 
 command : voms-proxy-info -file /tmp/x509up_u93266 -actimeleft
 output : 76655

 error: 
 retcode : 0
DEBUG 2018-12-03 15:31:18,225: 	 Proxy valid for 21:17:37 hours
DEBUG 2018-12-03 15:31:19,459: 	 Executing : 
 command : env X509_USER_PROXY=/tmp/x509up_u93266 voms-proxy-info -fqan
 output : /cms/Role=NULL/Capability=NULL

 error: 
 retcode : 0
DEBUG 2018-12-03 15:31:20,438: 	 Registering user credentials for server /DC=ch/DC=cern/OU=computers/CN=vocms(052|058|030|0118|0105|0109).cern.ch|/DC=ch/DC=cern/OU=computers/CN=crab-(preprod|prod)-tw(02|01).cern.ch
DEBUG 2018-12-03 15:31:20,566: 	 Executing : 
 command : openssl x509 -in ~/.globus/usercert.pem -subject -noout
 output : subject= /DC=ch/DC=cern/OU=Organic Units/OU=Users/CN=tayu/CN=799968/CN=Taozhe Yu

 error: 
 retcode : 0
DEBUG 2018-12-03 15:31:20,566: 	 Getting myproxy life time left for myproxy.cern.ch
DEBUG 2018-12-03 15:31:20,567: 	 Calculating hash of /DC=ch/DC=cern/OU=Organic Units/OU=Users/CN=tayu/CN=799968/CN=Taozhe Yu_cmsweb.cern.ch for credential name
DEBUG 2018-12-03 15:31:20,776: 	 Executing : 
 command : myproxy-info -l 9f4b01bc4a4efc8c405fe8e76fd90f9c51cfc546 -s myproxy.cern.ch
 output : username: 9f4b01bc4a4efc8c405fe8e76fd90f9c51cfc546
owner: /DC=ch/DC=cern/OU=Organic Units/OU=Users/CN=tayu/CN=799968/CN=Taozhe Yu
  renewal policy: /DC=ch/DC=cern/OU=computers/CN=vocms(052|058|030|0118|0105|0109).cern.ch|/DC=ch/DC=cern/OU=computers/CN=crab-(preprod|prod)-tw(02|01).cern.ch
  trusted retrieval policy: /DC=ch/DC=cern/OU=computers/CN=vocms(052|058|030|0118|0105|0109).cern.ch|/DC=ch/DC=cern/OU=computers/CN=crab-(preprod|prod)-tw(02|01).cern.ch
  timeleft: 549:59:23  (22.9 days)

 error: 
 retcode : 0
DEBUG 2018-12-03 15:31:20,777: 	 Myproxy is valid: 1979963
DEBUG 2018-12-03 15:31:20,777: 	 Command use: submit
DEBUG 2018-12-03 15:31:20,777: 	 Options use: ['--config', <WMCore.Configuration.Configuration object at 0x7fb862ab7050>]
DEBUG 2018-12-03 15:31:21,792: 	 CRABClient version: 3.3.1809
DEBUG 2018-12-03 15:31:21,792: 	 Instance is prod
DEBUG 2018-12-03 15:31:21,792: 	 Server base url is cmsweb.cern.ch
DEBUG 2018-12-03 15:31:21,792: 	 Command url /crabserver/prod/workflow
DEBUG 2018-12-03 15:31:21,792: 	 Started submission
DEBUG 2018-12-03 15:31:21,792: 	 Working on /afs/cern.ch/work/t/tayu/private/Tprime_dineutrino_2016/CMSSW_9_4_9_cand2/src/BSMFramework/BSM3G_TNT_Maker/crab/WZTo1L1Nu2Q/crab_WZTo1L1Nu2Q
DEBUG 2018-12-03 15:31:24,152: 	 Loading required information from the environment
DEBUG 2018-12-03 15:31:24,153: 	 Found CMSSW_9_4_9_cand2 for slc6_amd64_gcc630 with base /afs/cern.ch/work/t/tayu/private/Tprime_dineutrino_2016/CMSSW_9_4_9_cand2
DEBUG 2018-12-03 15:31:24,153: 	 Loading required information from the environment
DEBUG 2018-12-03 15:31:24,153: 	 Found CMSSW_9_4_9_cand2 for slc6_amd64_gcc630 with base /afs/cern.ch/work/t/tayu/private/Tprime_dineutrino_2016/CMSSW_9_4_9_cand2
DEBUG 2018-12-03 15:31:24,186: 	 UNIQUE NAME: tarUUID 29a17813-ccaa-452e-ad7b-b9d4bfb169b9 
DEBUG 2018-12-03 15:31:24,187: 	 self.config: from WMCore.Configuration import Configuration
config = Configuration()
config.section_('General')
config.General.transferLogs = True
config.General.workArea = 'WZTo1L1Nu2Q'
config.General.requestName = 'WZTo1L1Nu2Q'
config.section_('JobType')
config.JobType.psetName = '/afs/cern.ch/work/t/tayu/private/Tprime_dineutrino_2016/CMSSW_9_4_9_cand2/src/BSMFramework/BSM3G_TNT_Maker/python/miniAOD_MC2016.py'
config.JobType.pluginName = 'Analysis'
config.JobType.pyCfgParams = ['ofName=WZTo1L1Nu2Q']
config.JobType.sendExternalFolder = True
config.JobType.maxMemoryMB = 2000
config.section_('Data')
config.Data.inputDataset = '/WZTo1L1Nu2Q_13TeV_amcatnloFXFX_madspin_pythia8/RunIISummer16MiniAODv3-PUMoriond17_94X_mcRun2_asymptotic_v3-v2/MINIAODSIM'
config.Data.allowNonValidInputDataset = True
config.Data.totalUnits = 40000
config.Data.unitsPerJob = 1
config.Data.inputDBS = 'global'
config.Data.splitting = 'FileBased'
config.Data.outputDatasetTag = 'WZTo1L1Nu2Q'
config.Data.outLFNDirBase = '/store/user/tayu/'
config.section_('Site')
config.Site.storageSite = 'T2_CN_Beijing'
config.section_('User')
config.section_('Debug')

DEBUG 2018-12-03 15:31:24,187: 	 self.config.JobType.psetName: /afs/cern.ch/work/t/tayu/private/Tprime_dineutrino_2016/CMSSW_9_4_9_cand2/src/BSMFramework/BSM3G_TNT_Maker/python/miniAOD_MC2016.py
INFO 2018-12-03 15:31:24,188: 	 Importing CMSSW configuration /afs/cern.ch/work/t/tayu/private/Tprime_dineutrino_2016/CMSSW_9_4_9_cand2/src/BSMFramework/BSM3G_TNT_Maker/python/miniAOD_MC2016.py
DEBUG 2018-12-03 15:31:24,188: 	 Additional parameters for the CMSSW configuration are: ['ofName=WZTo1L1Nu2Q']
INFO 2018-12-03 15:31:25,348: 	 Finished importing CMSSW configuration /afs/cern.ch/work/t/tayu/private/Tprime_dineutrino_2016/CMSSW_9_4_9_cand2/src/BSMFramework/BSM3G_TNT_Maker/python/miniAOD_MC2016.py
DEBUG 2018-12-03 15:31:25,349: 	 Writing CMSSW configuration to /afs/cern.ch/work/t/tayu/private/Tprime_dineutrino_2016/CMSSW_9_4_9_cand2/src/BSMFramework/BSM3G_TNT_Maker/crab/WZTo1L1Nu2Q/crab_WZTo1L1Nu2Q/inputs/PSet.py
DEBUG 2018-12-03 15:31:25,902: 	 The following EDM output files will be collected: []
DEBUG 2018-12-03 15:31:25,903: 	 The following TFile output files will be collected: ['OutTree.root']
DEBUG 2018-12-03 15:31:25,903: 	 The following user output files will be collected: []
DEBUG 2018-12-03 15:31:25,903: 	 Loading required information from the environment
DEBUG 2018-12-03 15:31:25,903: 	 Found CMSSW_9_4_9_cand2 for slc6_amd64_gcc630 with base /afs/cern.ch/work/t/tayu/private/Tprime_dineutrino_2016/CMSSW_9_4_9_cand2
DEBUG 2018-12-03 15:31:25,903: 	 Making tarball in /afs/cern.ch/work/t/tayu/private/Tprime_dineutrino_2016/CMSSW_9_4_9_cand2/src/BSMFramework/BSM3G_TNT_Maker/crab/WZTo1L1Nu2Q/crab_WZTo1L1Nu2Q/inputs/29a17813-ccaa-452e-ad7b-b9d4bfb169b9default.tgz
DEBUG 2018-12-03 15:31:25,906: 	 Checking directory /afs/cern.ch/work/t/tayu/private/Tprime_dineutrino_2016/CMSSW_9_4_9_cand2/lib
DEBUG 2018-12-03 15:31:25,906: 	 Adding directory /afs/cern.ch/work/t/tayu/private/Tprime_dineutrino_2016/CMSSW_9_4_9_cand2/lib to tarball
DEBUG 2018-12-03 15:31:29,495: 	 Checking directory /afs/cern.ch/work/t/tayu/private/Tprime_dineutrino_2016/CMSSW_9_4_9_cand2/biglib
DEBUG 2018-12-03 15:31:29,495: 	 Adding directory /afs/cern.ch/work/t/tayu/private/Tprime_dineutrino_2016/CMSSW_9_4_9_cand2/biglib to tarball
DEBUG 2018-12-03 15:31:29,497: 	 Checking directory /afs/cern.ch/work/t/tayu/private/Tprime_dineutrino_2016/CMSSW_9_4_9_cand2/module
DEBUG 2018-12-03 15:31:29,499: 	 Checking directory /afs/cern.ch/work/t/tayu/private/Tprime_dineutrino_2016/CMSSW_9_4_9_cand2/external
DEBUG 2018-12-03 15:31:29,499: 	 Adding directory /afs/cern.ch/work/t/tayu/private/Tprime_dineutrino_2016/CMSSW_9_4_9_cand2/external to tarball
DEBUG 2018-12-03 15:31:32,777: 	 Adding data directory /afs/cern.ch/work/t/tayu/private/Tprime_dineutrino_2016/CMSSW_9_4_9_cand2/src/RecoEgamma/EgammaTools/data to tarball
DEBUG 2018-12-03 15:31:32,816: 	 Adding data directory /afs/cern.ch/work/t/tayu/private/Tprime_dineutrino_2016/CMSSW_9_4_9_cand2/src/RecoEgamma/EgammaTools/interface to tarball
DEBUG 2018-12-03 15:31:32,843: 	 Adding data directory /afs/cern.ch/work/t/tayu/private/Tprime_dineutrino_2016/CMSSW_9_4_9_cand2/src/RecoEgamma/EgammaPhotonProducers/interface to tarball
DEBUG 2018-12-03 15:31:32,879: 	 Adding data directory /afs/cern.ch/work/t/tayu/private/Tprime_dineutrino_2016/CMSSW_9_4_9_cand2/src/RecoEgamma/ElectronIdentification/data to tarball
DEBUG 2018-12-03 15:31:36,240: 	 Adding data directory /afs/cern.ch/work/t/tayu/private/Tprime_dineutrino_2016/CMSSW_9_4_9_cand2/src/RecoEgamma/ElectronIdentification/interface to tarball
DEBUG 2018-12-03 15:31:36,283: 	 Adding data directory /afs/cern.ch/work/t/tayu/private/Tprime_dineutrino_2016/CMSSW_9_4_9_cand2/src/RecoEgamma/PhotonIdentification/data to tarball
DEBUG 2018-12-03 15:31:37,182: 	 Adding data directory /afs/cern.ch/work/t/tayu/private/Tprime_dineutrino_2016/CMSSW_9_4_9_cand2/src/RecoEgamma/PhotonIdentification/interface to tarball
DEBUG 2018-12-03 15:31:37,202: 	 Adding data directory /afs/cern.ch/work/t/tayu/private/Tprime_dineutrino_2016/CMSSW_9_4_9_cand2/src/EgammaAnalysis/ElectronTools/data to tarball
DEBUG 2018-12-03 15:31:37,598: 	 Adding data directory /afs/cern.ch/work/t/tayu/private/Tprime_dineutrino_2016/CMSSW_9_4_9_cand2/src/EgammaAnalysis/ElectronTools/interface to tarball
DEBUG 2018-12-03 15:31:37,668: 	 Adding data directory /afs/cern.ch/work/t/tayu/private/Tprime_dineutrino_2016/CMSSW_9_4_9_cand2/src/CommonTools/ParticleFlow/interface to tarball
DEBUG 2018-12-03 15:31:37,711: 	 Adding data directory /afs/cern.ch/work/t/tayu/private/Tprime_dineutrino_2016/CMSSW_9_4_9_cand2/src/Configuration/PyReleaseValidation/data to tarball
DEBUG 2018-12-03 15:31:37,725: 	 Adding data directory /afs/cern.ch/work/t/tayu/private/Tprime_dineutrino_2016/CMSSW_9_4_9_cand2/src/JetMETCorrections/Type1MET/data to tarball
DEBUG 2018-12-03 15:31:37,730: 	 Adding data directory /afs/cern.ch/work/t/tayu/private/Tprime_dineutrino_2016/CMSSW_9_4_9_cand2/src/JetMETCorrections/Type1MET/interface to tarball
DEBUG 2018-12-03 15:31:37,749: 	 Adding data directory /afs/cern.ch/work/t/tayu/private/Tprime_dineutrino_2016/CMSSW_9_4_9_cand2/src/PhysicsTools/NanoAOD/interface to tarball
DEBUG 2018-12-03 15:31:37,762: 	 Adding data directory /afs/cern.ch/work/t/tayu/private/Tprime_dineutrino_2016/CMSSW_9_4_9_cand2/src/PhysicsTools/PatAlgos/interface to tarball
DEBUG 2018-12-03 15:31:37,856: 	 Adding data directory /afs/cern.ch/work/t/tayu/private/Tprime_dineutrino_2016/CMSSW_9_4_9_cand2/src/PhysicsTools/PatUtils/data to tarball
DEBUG 2018-12-03 15:31:38,110: 	 Adding data directory /afs/cern.ch/work/t/tayu/private/Tprime_dineutrino_2016/CMSSW_9_4_9_cand2/src/PhysicsTools/PatUtils/interface to tarball
DEBUG 2018-12-03 15:31:38,150: 	 Adding data directory /afs/cern.ch/work/t/tayu/private/Tprime_dineutrino_2016/CMSSW_9_4_9_cand2/src/RecoMET/METFilters/data to tarball
DEBUG 2018-12-03 15:31:38,154: 	 Adding data directory /afs/cern.ch/work/t/tayu/private/Tprime_dineutrino_2016/CMSSW_9_4_9_cand2/src/RecoMET/METFilters/interface to tarball
DEBUG 2018-12-03 15:31:38,401: 	 Adding data directory /afs/cern.ch/work/t/tayu/private/Tprime_dineutrino_2016/CMSSW_9_4_9_cand2/src/BSMFramework/BSM3G_TNT_Maker/data to tarball
DEBUG 2018-12-03 15:32:04,457: 	 Adding data directory /afs/cern.ch/work/t/tayu/private/Tprime_dineutrino_2016/CMSSW_9_4_9_cand2/src/BSMFramework/BSM3G_TNT_Maker/interface to tarball
DEBUG 2018-12-03 15:32:05,605: 	 Uploading archive /afs/cern.ch/work/t/tayu/private/Tprime_dineutrino_2016/CMSSW_9_4_9_cand2/src/BSMFramework/BSM3G_TNT_Maker/crab/WZTo1L1Nu2Q/crab_WZTo1L1Nu2Q/inputs/29a17813-ccaa-452e-ad7b-b9d4bfb169b9default.tgz (55 MB) to the CRAB cache. Using URI https://cmsweb.cern.ch/crabcache
DEBUG 2018-12-03 15:32:33,701: 	 Loading required information from the environment
DEBUG 2018-12-03 15:32:33,702: 	 Found CMSSW_9_4_9_cand2 for slc6_amd64_gcc630 with base /afs/cern.ch/work/t/tayu/private/Tprime_dineutrino_2016/CMSSW_9_4_9_cand2
DEBUG 2018-12-03 15:32:33,702: 	 Making tarball in /afs/cern.ch/work/t/tayu/private/Tprime_dineutrino_2016/CMSSW_9_4_9_cand2/src/BSMFramework/BSM3G_TNT_Maker/crab/WZTo1L1Nu2Q/crab_WZTo1L1Nu2Q/inputs/debugFiles.tgz
DEBUG 2018-12-03 15:32:33,753: 	 Uploading archive /afs/cern.ch/work/t/tayu/private/Tprime_dineutrino_2016/CMSSW_9_4_9_cand2/src/BSMFramework/BSM3G_TNT_Maker/crab/WZTo1L1Nu2Q/crab_WZTo1L1Nu2Q/inputs/debugFiles.tgz (5 KB) to the CRAB cache. Using URI https://cmsweb.cern.ch/crabcache
DEBUG 2018-12-03 15:32:37,107: 	 Result uploading input files: 21ffa04838d76e4834ce20df8b836c5fdb52211020d4cf2c2ee8f0777984bdbf.tar.gz 
WARNING 2018-12-03 15:32:37,108: 	 Warning: The following output files will not be published, as they are not EDM files: ['OutTree.root']
INFO 2018-12-03 15:32:37,110: 	 Sending the request to the server
DEBUG 2018-12-03 15:32:37,110: 	 Submitting {'maxjobruntime': 1250, 'extrajdl': [], 'ignorelocality': 0, 'savelogsflag': 1, 'useparent': 0, 'asyncdest': 'T2_CN_Beijing', 'algoargs': 1, 'cachefilename': '21ffa04838d76e4834ce20df8b836c5fdb52211020d4cf2c2ee8f0777984bdbf.tar.gz', 'numcores': 1, 'addoutputfiles': [], 'generator': 'pythia', 'maxmemory': 2000, 'publishdbsurl': 'https://cmsweb.cern.ch/dbs/prod/phys03/DBSWriter', 'priority': 10, 'jobsw': 'CMSSW_9_4_9_cand2', 'edmoutfiles': [], 'userfiles': [], 'primarydataset': '', 'inputdata': '/WZTo1L1Nu2Q_13TeV_amcatnloFXFX_madspin_pythia8/RunIISummer16MiniAODv3-PUMoriond17_94X_mcRun2_asymptotic_v3-v2/MINIAODSIM', 'lfn': '/store/user/tayu/', 'dryrun': 0, 'workflow': 'crab_WZTo1L1Nu2Q', 'cacheurl': u'https://cmsweb.cern.ch/crabcache', 'nonprodsw': 0, 'tfileoutfiles': ['OutTree.root'], 'oneEventMode': 0, 'debugfilename': 'f4aa96e80cfadc5979bf055ae1a68f2790eb98691abbcffdb08d8e8fe1bf3e37.tar.gz', 'saveoutput': 1, 'publication': 1, 'jobarch': 'slc6_amd64_gcc630', 'totalunits': 40000, 'splitalgo': 'FileBased', 'ignoreglobalblacklist': 0, 'nonvaliddata': 1, 'dbsurl': 'https://cmsweb.cern.ch/dbs/prod/global/DBSReader', 'publishgroupname': 0, 'jobtype': 'Analysis', 'publishname2': 'WZTo1L1Nu2Q'} 
DEBUG 2018-12-03 15:32:37,110: 	 Encoded submit request: maxjobruntime=1250&ignorelocality=0&savelogsflag=1&useparent=0&asyncdest=T2_CN_Beijing&algoargs=1&cachefilename=21ffa04838d76e4834ce20df8b836c5fdb52211020d4cf2c2ee8f0777984bdbf.tar.gz&numcores=1&generator=pythia&maxmemory=2000&publishdbsurl=https%3A%2F%2Fcmsweb.cern.ch%2Fdbs%2Fprod%2Fphys03%2FDBSWriter&priority=10&jobsw=CMSSW_9_4_9_cand2&primarydataset=&inputdata=%2FWZTo1L1Nu2Q_13TeV_amcatnloFXFX_madspin_pythia8%2FRunIISummer16MiniAODv3-PUMoriond17_94X_mcRun2_asymptotic_v3-v2%2FMINIAODSIM&lfn=%2Fstore%2Fuser%2Ftayu%2F&dryrun=0&workflow=crab_WZTo1L1Nu2Q&cacheurl=https%3A%2F%2Fcmsweb.cern.ch%2Fcrabcache&nonprodsw=0&oneEventMode=0&debugfilename=f4aa96e80cfadc5979bf055ae1a68f2790eb98691abbcffdb08d8e8fe1bf3e37.tar.gz&saveoutput=1&publication=1&jobarch=slc6_amd64_gcc630&totalunits=40000&splitalgo=FileBased&ignoreglobalblacklist=0&nonvaliddata=1&dbsurl=https%3A%2F%2Fcmsweb.cern.ch%2Fdbs%2Fprod%2Fglobal%2FDBSReader&publishgroupname=0&jobtype=Analysis&publishname2=WZTo1L1Nu2Q&tfileoutfiles=OutTree.root
DEBUG 2018-12-03 15:32:38,469: 	 Result: {u'result': [{u'RequestName': u'181203_143238:tayu_crab_WZTo1L1Nu2Q'}]}
INFO 2018-12-03 15:32:38,473: 	 Success: Your task has been delivered to the CRAB3 server.
INFO 2018-12-03 15:32:38,473: 	 Task name: 181203_143238:tayu_crab_WZTo1L1Nu2Q
INFO 2018-12-03 15:32:38,473: 	 Please use 'crab status' to check how the submission process proceeds.
DEBUG 2018-12-03 15:32:38,473: 	 About to return
